
> hustle-frontend@1.0.0 dev
> vite

[33mThe CJS build of Vite's Node API is deprecated. See https://vite.dev/guide/troubleshooting.html#vite-cjs-node-api-deprecated for more details.[39m

  [32m[1mVITE[22m v5.4.21[39m  [2mready in [0m[1m614[22m[2m[0m ms[22m

  [32m➜[39m  [1mLocal[22m:   [36mhttp://localhost:[1m3000[22m/[39m
  [32m➜[39m  [1mNetwork[22m: [36mhttp://172.31.5.62:[1m3000[22m/[39m
(node:8308) [MODULE_TYPELESS_PACKAGE_JSON] Warning: Module type of file:///C:/app/hustle2026/frontend/postcss.config.js is not specified and it doesn't parse as CommonJS.
Reparsing as ES module because module syntax was detected. This incurs a performance overhead.
To eliminate this warning, add "type": "module" to C:\app\hustle2026\frontend\package.json.
(Use `node --trace-warnings ...` to show where the warning was created)
[2m9:11:04 AM[22m [36m[1m[vite][22m[39m [32mhmr update [39m[2m/src/views/SslManagement.vue, /src/assets/main.css[22m
[2m9:15:20 AM[22m [36m[1m[vite][22m[39m [32mhmr update [39m[2m/src/views/SecurityManagement.vue, /src/assets/main.css[22m
[2m9:40:52 AM[22m [36m[1m[vite][22m[39m [32mhmr update [39m[2m/src/views/SecurityManagement.vue, /src/assets/main.css[22m
[2m9:41:06 AM[22m [36m[1m[vite][22m[39m [32mhmr update [39m[2m/src/views/SecurityManagement.vue, /src/assets/main.css[22m
[2m9:41:13 AM[22m [36m[1m[vite][22m[39m [32mhmr update [39m[2m/src/views/SecurityManagement.vue, /src/assets/main.css[22m
[2m9:41:21 AM[22m [36m[1m[vite][22m[39m [32mhmr update [39m[2m/src/views/SecurityManagement.vue, /src/assets/main.css[22m
[2m9:41:37 AM[22m [36m[1m[vite][22m[39m [32mhmr update [39m[2m/src/assets/main.css, /src/views/SecurityManagement.vue[22m
[2m9:41:44 AM[22m [36m[1m[vite][22m[39m [32mhmr update [39m[2m/src/assets/main.css, /src/views/SecurityManagement.vue[22m
[2m9:41:53 AM[22m [36m[1m[vite][22m[39m [32mhmr update [39m[2m/src/assets/main.css, /src/views/SecurityManagement.vue[22m
[2m9:42:02 AM[22m [36m[1m[vite][22m[39m [32mhmr update [39m[2m/src/views/SecurityManagement.vue, /src/assets/main.css[22m
[2m9:42:11 AM[22m [36m[1m[vite][22m[39m [32mhmr update [39m[2m/src/views/SecurityManagement.vue, /src/assets/main.css[22m
[2m9:45:06 AM[22m [36m[1m[vite][22m[39m [32mhmr update [39m[2m/src/assets/main.css, /src/views/SecurityManagement.vue[22m
[2m9:51:21 AM[22m [36m[1m[vite][22m[39m [32mhmr update [39m[2m/src/assets/main.css, /src/views/SecurityManagement.vue[22m
[2m10:17:04 AM[22m [36m[1m[vite][22m[39m [32mhmr update [39m[2m/src/views/System.vue, /src/assets/main.css[22m
[2m10:17:24 AM[22m [36m[1m[vite][22m[39m [32mhmr update [39m[2m/src/views/System.vue, /src/assets/main.css[22m
[2m10:17:47 AM[22m [36m[1m[vite][22m[39m [32mhmr update [39m[2m/src/views/System.vue, /src/assets/main.css[22m
[2m10:18:11 AM[22m [36m[1m[vite][22m[39m [32mhmr update [39m[2m/src/views/System.vue, /src/assets/main.css[22m
[2m10:18:22 AM[22m [36m[1m[vite][22m[39m [32mhmr update [39m[2m/src/views/System.vue, /src/assets/main.css[22m
[2m10:24:23 AM[22m [36m[1m[vite][22m[39m [32mhmr update [39m[2m/src/assets/main.css, /src/views/RbacManagement.vue[22m
[2m10:25:53 AM[22m [36m[1m[vite][22m[39m [32mhmr update [39m[2m/src/views/RbacManagement.vue, /src/assets/main.css[22m
[2m10:25:54 AM[22m [31m[1m[vite][22m[39m [31mInternal server error: Element is missing end tag.[39m
  Plugin: [35mvite:vue[39m
  File: [36mC:/app/hustle2026/frontend/src/views/RbacManagement.vue[39m:2:3
[33m  1  |  <template>
  2  |    <div class="container mx-auto px-4 py-6">
     |     ^
  3  |      <div class="flex justify-between items-center mb-6">
  4  |        <h1 class="text-3xl font-bold">角色权限管理</h1>[39m
      at createCompilerError (C:\app\hustle2026\frontend\node_modules\@vue\compiler-core\dist\compiler-core.cjs.js:1378:17)
      at emitError (C:\app\hustle2026\frontend\node_modules\@vue\compiler-core\dist\compiler-core.cjs.js:3014:5)
      at Object.onclosetag (C:\app\hustle2026\frontend\node_modules\@vue\compiler-core\dist\compiler-core.cjs.js:2381:13)
      at Tokenizer.stateInClosingTagName (C:\app\hustle2026\frontend\node_modules\@vue\compiler-core\dist\compiler-core.cjs.js:799:16)
      at Tokenizer.parse (C:\app\hustle2026\frontend\node_modules\@vue\compiler-core\dist\compiler-core.cjs.js:1157:16)
      at Object.baseParse (C:\app\hustle2026\frontend\node_modules\@vue\compiler-core\dist\compiler-core.cjs.js:3053:13)
      at Object.parse (C:\app\hustle2026\frontend\node_modules\@vue\compiler-dom\dist\compiler-dom.cjs.js:910:23)
      at Object.parse$1 [as parse] (C:\app\hustle2026\frontend\node_modules\@vue\compiler-sfc\dist\compiler-sfc.cjs.js:1824:24)
      at createDescriptor (C:\app\hustle2026\frontend\node_modules\@vitejs\plugin-vue\dist\index.cjs:84:43)
      at handleHotUpdate (C:\app\hustle2026\frontend\node_modules\@vitejs\plugin-vue\dist\index.cjs:2211:26)
[2m10:26:07 AM[22m [36m[1m[vite][22m[39m [32mhmr update [39m[2m/src/views/RbacManagement.vue, /src/assets/main.css[22m
[2m10:26:07 AM[22m [31m[1m[vite][22m[39m [31mInternal server error: Element is missing end tag.[39m
  Plugin: [35mvite:vue[39m
  File: [36mC:/app/hustle2026/frontend/src/views/RbacManagement.vue[39m:2:3
[33m  1  |  <template>
  2  |    <div class="container mx-auto px-4 py-6">
     |     ^
  3  |      <div class="flex justify-between items-center mb-6">
  4  |        <h1 class="text-3xl font-bold">角色权限管理</h1>[39m
      at createCompilerError (C:\app\hustle2026\frontend\node_modules\@vue\compiler-core\dist\compiler-core.cjs.js:1378:17)
      at emitError (C:\app\hustle2026\frontend\node_modules\@vue\compiler-core\dist\compiler-core.cjs.js:3014:5)
      at Object.onclosetag (C:\app\hustle2026\frontend\node_modules\@vue\compiler-core\dist\compiler-core.cjs.js:2381:13)
      at Tokenizer.stateInClosingTagName (C:\app\hustle2026\frontend\node_modules\@vue\compiler-core\dist\compiler-core.cjs.js:799:16)
      at Tokenizer.parse (C:\app\hustle2026\frontend\node_modules\@vue\compiler-core\dist\compiler-core.cjs.js:1157:16)
      at Object.baseParse (C:\app\hustle2026\frontend\node_modules\@vue\compiler-core\dist\compiler-core.cjs.js:3053:13)
      at Object.parse (C:\app\hustle2026\frontend\node_modules\@vue\compiler-dom\dist\compiler-dom.cjs.js:910:23)
      at Object.parse$1 [as parse] (C:\app\hustle2026\frontend\node_modules\@vue\compiler-sfc\dist\compiler-sfc.cjs.js:1824:24)
      at createDescriptor (C:\app\hustle2026\frontend\node_modules\@vitejs\plugin-vue\dist\index.cjs:84:43)
      at handleHotUpdate (C:\app\hustle2026\frontend\node_modules\@vitejs\plugin-vue\dist\index.cjs:2211:26)
[2m10:31:30 AM[22m [31m[1m[vite][22m[39m [31mInternal server error: Element is missing end tag.[39m
  Plugin: [35mvite:vue[39m
  File: [36mC:/app/hustle2026/frontend/src/views/RbacManagement.vue[39m:2:3
[33m  1  |  <template>
  2  |    <div class="container mx-auto px-4 py-6">
     |     ^
  3  |      <div class="flex justify-between items-center mb-6">
  4  |        <h1 class="text-3xl font-bold">角色权限管理</h1>[39m
      at createCompilerError (C:\app\hustle2026\frontend\node_modules\@vue\compiler-core\dist\compiler-core.cjs.js:1378:17)
      at emitError (C:\app\hustle2026\frontend\node_modules\@vue\compiler-core\dist\compiler-core.cjs.js:3014:5)
      at Object.onclosetag (C:\app\hustle2026\frontend\node_modules\@vue\compiler-core\dist\compiler-core.cjs.js:2381:13)
      at Tokenizer.stateInClosingTagName (C:\app\hustle2026\frontend\node_modules\@vue\compiler-core\dist\compiler-core.cjs.js:799:16)
      at Tokenizer.parse (C:\app\hustle2026\frontend\node_modules\@vue\compiler-core\dist\compiler-core.cjs.js:1157:16)
      at Object.baseParse (C:\app\hustle2026\frontend\node_modules\@vue\compiler-core\dist\compiler-core.cjs.js:3053:13)
      at Object.parse (C:\app\hustle2026\frontend\node_modules\@vue\compiler-dom\dist\compiler-dom.cjs.js:910:23)
      at Object.parse$1 [as parse] (C:\app\hustle2026\frontend\node_modules\@vue\compiler-sfc\dist\compiler-sfc.cjs.js:1824:24)
      at createDescriptor (C:\app\hustle2026\frontend\node_modules\@vitejs\plugin-vue\dist\index.cjs:84:43)
      at handleHotUpdate (C:\app\hustle2026\frontend\node_modules\@vitejs\plugin-vue\dist\index.cjs:2211:26)
[2m10:32:40 AM[22m [36m[1m[vite][22m[39m [32mhmr update [39m[2m/src/views/RbacManagement.vue, /src/assets/main.css[22m
[2m10:35:27 AM[22m [36m[1m[vite][22m[39m [32mhmr update [39m[2m/src/components/RolePermissionAssign.vue, /src/assets/main.css[22m
[2m10:35:43 AM[22m [36m[1m[vite][22m[39m [32mhmr update [39m[2m/src/components/RolePermissionAssign.vue, /src/assets/main.css[22m
[2m10:52:42 AM[22m [31m[1m[vite][22m[39m [31mhttp proxy error: /api/v1/rbac/permissions[39m
AggregateError [ECONNREFUSED]: 
    at internalConnectMultiple (node:net:1134:18)
    at afterConnectMultiple (node:net:1715:7)
[2m10:52:42 AM[22m [31m[1m[vite][22m[39m [31mhttp proxy error: /api/v1/rbac/roles[39m
AggregateError [ECONNREFUSED]: 
    at internalConnectMultiple (node:net:1134:18)
    at afterConnectMultiple (node:net:1715:7)
[2m10:52:43 AM[22m [31m[1m[vite][22m[39m [31mhttp proxy error: /api/v1/rbac/roles[39m
AggregateError [ECONNREFUSED]: 
    at internalConnectMultiple (node:net:1134:18)
    at afterConnectMultiple (node:net:1715:7)
[2m10:52:43 AM[22m [31m[1m[vite][22m[39m [31mhttp proxy error: /api/v1/rbac/permissions[39m
AggregateError [ECONNREFUSED]: 
    at internalConnectMultiple (node:net:1134:18)
    at afterConnectMultiple (node:net:1715:7)
[2m11:29:02 AM[22m [31m[1m[vite][22m[39m [31mhttp proxy error: /api/v1/security/components[39m
AggregateError [ECONNREFUSED]: 
    at internalConnectMultiple (node:net:1134:18)
    at afterConnectMultiple (node:net:1715:7)
[2m11:33:42 AM[22m [36m[1m[vite][22m[39m [32mhmr update [39m[2m/src/views/System.vue, /src/assets/main.css[22m
[2m11:37:25 AM[22m [36m[1m[vite][22m[39m [32mhmr update [39m[2m/src/views/System.vue, /src/assets/main.css[22m
[2m11:37:43 AM[22m [36m[1m[vite][22m[39m [32mhmr update [39m[2m/src/views/System.vue, /src/assets/main.css[22m
[2m11:38:05 AM[22m [36m[1m[vite][22m[39m [32mhmr update [39m[2m/src/views/System.vue, /src/assets/main.css[22m
[2m11:38:17 AM[22m [36m[1m[vite][22m[39m [32mhmr update [39m[2m/src/views/System.vue, /src/assets/main.css[22m
[2m11:38:37 AM[22m [36m[1m[vite][22m[39m [32mhmr update [39m[2m/src/views/System.vue, /src/assets/main.css[22m
[2m11:39:37 AM[22m [36m[1m[vite][22m[39m [32mhmr update [39m[2m/src/views/System.vue, /src/assets/main.css[22m
[2m11:44:14 AM[22m [36m[1m[vite][22m[39m [32mhmr update [39m[2m/src/views/System.vue, /src/assets/main.css[22m
[2m11:44:25 AM[22m [36m[1m[vite][22m[39m [32mhmr update [39m[2m/src/views/System.vue, /src/assets/main.css[22m
