INFO:     Will watch for changes in these directories: ['C:\\app\\hustle2026']
INFO:     Uvicorn running on http://0.0.0.0:8000 (Press CTRL+C to quit)
INFO:     Started reloader process [7216] using WatchFiles
Process SpawnProcess-1:
Traceback (most recent call last):
  File "C:\Python39\lib\multiprocessing\process.py", line 315, in _bootstrap
    self.run()
  File "C:\Python39\lib\multiprocessing\process.py", line 108, in run
    self._target(*self._args, **self._kwargs)
  File "C:\Python39\lib\site-packages\uvicorn\_subprocess.py", line 78, in subprocess_started
    target(sockets=sockets)
  File "C:\Python39\lib\site-packages\uvicorn\server.py", line 62, in run
    return asyncio.run(self.serve(sockets=sockets))
  File "C:\Python39\lib\asyncio\runners.py", line 44, in run
    return loop.run_until_complete(main)
  File "C:\Python39\lib\asyncio\base_events.py", line 647, in run_until_complete
    return future.result()
  File "C:\Python39\lib\site-packages\uvicorn\server.py", line 69, in serve
    config.load()
  File "C:\Python39\lib\site-packages\uvicorn\config.py", line 458, in load
    self.loaded_app = import_from_string(self.app)
  File "C:\Python39\lib\site-packages\uvicorn\importer.py", line 24, in import_from_string
    raise exc from None
  File "C:\Python39\lib\site-packages\uvicorn\importer.py", line 21, in import_from_string
    module = importlib.import_module(module_str)
  File "C:\Python39\lib\importlib\__init__.py", line 127, in import_module
    return _bootstrap._gcd_import(name[level:], package, level)
  File "<frozen importlib._bootstrap>", line 1030, in _gcd_import
  File "<frozen importlib._bootstrap>", line 1007, in _find_and_load
  File "<frozen importlib._bootstrap>", line 972, in _find_and_load_unlocked
  File "<frozen importlib._bootstrap>", line 228, in _call_with_frames_removed
  File "<frozen importlib._bootstrap>", line 1030, in _gcd_import
  File "<frozen importlib._bootstrap>", line 1007, in _find_and_load
  File "<frozen importlib._bootstrap>", line 984, in _find_and_load_unlocked
ModuleNotFoundError: No module named 'app'
WARNING:  WatchFiles detected changes in 'backend\app\api\v1\system.py'. Reloading...
Process SpawnProcess-2:
Traceback (most recent call last):
  File "C:\Python39\lib\multiprocessing\process.py", line 315, in _bootstrap
    self.run()
  File "C:\Python39\lib\multiprocessing\process.py", line 108, in run
    self._target(*self._args, **self._kwargs)
  File "C:\Python39\lib\site-packages\uvicorn\_subprocess.py", line 78, in subprocess_started
    target(sockets=sockets)
  File "C:\Python39\lib\site-packages\uvicorn\server.py", line 62, in run
    return asyncio.run(self.serve(sockets=sockets))
  File "C:\Python39\lib\asyncio\runners.py", line 44, in run
    return loop.run_until_complete(main)
  File "C:\Python39\lib\asyncio\base_events.py", line 647, in run_until_complete
    return future.result()
  File "C:\Python39\lib\site-packages\uvicorn\server.py", line 69, in serve
    config.load()
  File "C:\Python39\lib\site-packages\uvicorn\config.py", line 458, in load
    self.loaded_app = import_from_string(self.app)
  File "C:\Python39\lib\site-packages\uvicorn\importer.py", line 24, in import_from_string
    raise exc from None
  File "C:\Python39\lib\site-packages\uvicorn\importer.py", line 21, in import_from_string
    module = importlib.import_module(module_str)
  File "C:\Python39\lib\importlib\__init__.py", line 127, in import_module
    return _bootstrap._gcd_import(name[level:], package, level)
  File "<frozen importlib._bootstrap>", line 1030, in _gcd_import
  File "<frozen importlib._bootstrap>", line 1007, in _find_and_load
  File "<frozen importlib._bootstrap>", line 972, in _find_and_load_unlocked
  File "<frozen importlib._bootstrap>", line 228, in _call_with_frames_removed
  File "<frozen importlib._bootstrap>", line 1030, in _gcd_import
  File "<frozen importlib._bootstrap>", line 1007, in _find_and_load
  File "<frozen importlib._bootstrap>", line 984, in _find_and_load_unlocked
ModuleNotFoundError: No module named 'app'
