
================================================================================
[2026-04-16 15:12:18.426527] API CALLED: /execute/reverse/continuous
User ID: f9ea299a-3dff-4a53-a52c-1331c99623f8
Request: {'binance_account_id': UUID('e8519bed-b8eb-478c-b106-64232b004d53'), 'bybit_account_id': UUID('e658c876-b19b-426d-b173-70269a63f711'), 'pair_code': 'XAU', 'opening_m_coin': 1.0, 'closing_m_coin': 5.0, 'trigger_check_interval': 0.1, 'ladders': [{'enabled': True, 'opening_spread': 3.0, 'closing_spread': 2.0, 'total_qty': 1.0, 'opening_trigger_count': 3, 'closing_trigger_count': 3}]}
================================================================================
[2026-04-16 15:12:18.456065] Task created: 0c5c4ffa-e713-4f40-8a07-1c25517d4797
Executor is_running: False
Coroutine: <coroutine object ContinuousStrategyExecutor.execute_reverse_opening_continuous at 0x7926e5478180>


================================================================================
[2026-04-16 15:12:44.387882] API CALLED: /execute/forward/continuous
User ID: f9ea299a-3dff-4a53-a52c-1331c99623f8
Request: {'binance_account_id': UUID('e8519bed-b8eb-478c-b106-64232b004d53'), 'bybit_account_id': UUID('e658c876-b19b-426d-b173-70269a63f711'), 'pair_code': 'XAU', 'opening_m_coin': 1.0, 'closing_m_coin': 5.0, 'trigger_check_interval': 0.1, 'ladders': [{'enabled': True, 'opening_spread': 3.0, 'closing_spread': 2.0, 'total_qty': 1.0, 'opening_trigger_count': 3, 'closing_trigger_count': 3}]}
================================================================================
[2026-04-16 15:12:44.395357] Task created: 6f9b7688-e13d-4ccd-9fd1-bb34605bd12d
Executor is_running: False
Coroutine: <coroutine object ContinuousStrategyExecutor.execute_forward_opening_continuous at 0x7926e5479080>


================================================================================
[2026-04-16 15:13:40.394211] API CALLED: /execute/forward/continuous
User ID: f9ea299a-3dff-4a53-a52c-1331c99623f8
Request: {'binance_account_id': UUID('e8519bed-b8eb-478c-b106-64232b004d53'), 'bybit_account_id': UUID('e658c876-b19b-426d-b173-70269a63f711'), 'pair_code': 'XAU', 'opening_m_coin': 1.0, 'closing_m_coin': 5.0, 'trigger_check_interval': 0.1, 'ladders': [{'enabled': True, 'opening_spread': 0.6, 'closing_spread': 2.0, 'total_qty': 1.0, 'opening_trigger_count': 3, 'closing_trigger_count': 3}]}
================================================================================
[2026-04-16 15:13:40.411502] Task created: 50ad71b7-4108-4022-8700-2720debb4332
Executor is_running: False
Coroutine: <coroutine object ContinuousStrategyExecutor.execute_forward_opening_continuous at 0x7926e88aed40>


================================================================================
[2026-04-16 15:13:56.582655] API CALLED: /execute/forward/continuous
User ID: f9ea299a-3dff-4a53-a52c-1331c99623f8
Request: {'binance_account_id': UUID('e8519bed-b8eb-478c-b106-64232b004d53'), 'bybit_account_id': UUID('e658c876-b19b-426d-b173-70269a63f711'), 'pair_code': 'XAU', 'opening_m_coin': 1.0, 'closing_m_coin': 5.0, 'trigger_check_interval': 0.1, 'ladders': [{'enabled': True, 'opening_spread': 0.6, 'closing_spread': 2.0, 'total_qty': 1.0, 'opening_trigger_count': 3, 'closing_trigger_count': 3}]}
================================================================================
[2026-04-16 15:13:56.590919] Task created: 4721a845-d214-4d38-9cbd-a69e5e4ebdbb
Executor is_running: False
Coroutine: <coroutine object ContinuousStrategyExecutor.execute_forward_opening_continuous at 0x7926e5478a40>


================================================================================
[2026-04-16 22:19:39.884499] API CALLED: /execute/reverse/continuous
User ID: f9ea299a-3dff-4a53-a52c-1331c99623f8
Request: {'binance_account_id': UUID('e8519bed-b8eb-478c-b106-64232b004d53'), 'bybit_account_id': UUID('e658c876-b19b-426d-b173-70269a63f711'), 'pair_code': 'XAU', 'opening_m_coin': 1.0, 'closing_m_coin': 5.0, 'trigger_check_interval': 0.1, 'ladders': [{'enabled': True, 'opening_spread': 3.0, 'closing_spread': 2.0, 'total_qty': 1.0, 'opening_trigger_count': 3, 'closing_trigger_count': 3}]}
================================================================================
[2026-04-16 22:19:39.912350] Task created: dc6a6503-573f-4397-898e-0f26af27014c
Executor is_running: False
Coroutine: <coroutine object ContinuousStrategyExecutor.execute_reverse_opening_continuous at 0x708571746980>


================================================================================
[2026-04-16 22:21:52.976061] API CALLED: /execute/reverse/continuous
User ID: f9ea299a-3dff-4a53-a52c-1331c99623f8
Request: {'binance_account_id': UUID('e8519bed-b8eb-478c-b106-64232b004d53'), 'bybit_account_id': UUID('e658c876-b19b-426d-b173-70269a63f711'), 'pair_code': 'XAU', 'opening_m_coin': 1.0, 'closing_m_coin': 5.0, 'trigger_check_interval': 0.1, 'ladders': [{'enabled': True, 'opening_spread': 3.0, 'closing_spread': 2.0, 'total_qty': 1.0, 'opening_trigger_count': 3, 'closing_trigger_count': 3}]}
================================================================================
[2026-04-16 22:21:52.987029] Task created: e7ab0a9a-5911-4c58-9583-6b49131c8816
Executor is_running: False
Coroutine: <coroutine object ContinuousStrategyExecutor.execute_reverse_opening_continuous at 0x70856e535080>


================================================================================
[2026-04-16 22:23:39.173136] API CALLED: /execute/reverse/continuous
User ID: f9ea299a-3dff-4a53-a52c-1331c99623f8
Request: {'binance_account_id': UUID('e8519bed-b8eb-478c-b106-64232b004d53'), 'bybit_account_id': UUID('e658c876-b19b-426d-b173-70269a63f711'), 'pair_code': 'XAU', 'opening_m_coin': 1.0, 'closing_m_coin': 5.0, 'trigger_check_interval': 0.1, 'ladders': [{'enabled': True, 'opening_spread': 3.0, 'closing_spread': 2.0, 'total_qty': 1.0, 'opening_trigger_count': 3, 'closing_trigger_count': 3}]}
================================================================================
[2026-04-16 22:23:39.184253] Task created: 0ab6d91b-2edc-4373-be91-d515ada51625
Executor is_running: False
Coroutine: <coroutine object ContinuousStrategyExecutor.execute_reverse_opening_continuous at 0x70856e536200>


================================================================================
[2026-04-16 22:25:49.866089] API CALLED: /execute/reverse/continuous
User ID: f9ea299a-3dff-4a53-a52c-1331c99623f8
Request: {'binance_account_id': UUID('e8519bed-b8eb-478c-b106-64232b004d53'), 'bybit_account_id': UUID('e658c876-b19b-426d-b173-70269a63f711'), 'pair_code': 'XAU', 'opening_m_coin': 1.0, 'closing_m_coin': 5.0, 'trigger_check_interval': 0.1, 'ladders': [{'enabled': True, 'opening_spread': 1.8, 'closing_spread': 2.0, 'total_qty': 1.0, 'opening_trigger_count': 3, 'closing_trigger_count': 3}]}
================================================================================
[2026-04-16 22:25:49.878255] Task created: 6ec8fad3-c61f-4bea-84e4-e8de4c99d6f9
Executor is_running: False
Coroutine: <coroutine object ContinuousStrategyExecutor.execute_reverse_opening_continuous at 0x70856e537c40>


================================================================================
[2026-04-16 22:26:14.883530] API CALLED: /execute/reverse/continuous
User ID: f9ea299a-3dff-4a53-a52c-1331c99623f8
Request: {'binance_account_id': UUID('e8519bed-b8eb-478c-b106-64232b004d53'), 'bybit_account_id': UUID('e658c876-b19b-426d-b173-70269a63f711'), 'pair_code': 'XAU', 'opening_m_coin': 1.0, 'closing_m_coin': 5.0, 'trigger_check_interval': 0.1, 'ladders': [{'enabled': True, 'opening_spread': 1.8, 'closing_spread': 2.0, 'total_qty': 1.0, 'opening_trigger_count': 3, 'closing_trigger_count': 3}]}
================================================================================
[2026-04-16 22:26:14.891198] Task created: d6594a45-2fe5-4eeb-b52e-c1a5c309ebc7
Executor is_running: False
Coroutine: <coroutine object ContinuousStrategyExecutor.execute_reverse_opening_continuous at 0x70856e535d00>


================================================================================
[2026-04-16 22:27:48.495357] API CALLED: /execute/reverse/continuous
User ID: f9ea299a-3dff-4a53-a52c-1331c99623f8
Request: {'binance_account_id': UUID('e8519bed-b8eb-478c-b106-64232b004d53'), 'bybit_account_id': UUID('e658c876-b19b-426d-b173-70269a63f711'), 'pair_code': 'XAU', 'opening_m_coin': 1.0, 'closing_m_coin': 5.0, 'trigger_check_interval': 0.1, 'ladders': [{'enabled': True, 'opening_spread': 1.8, 'closing_spread': 2.0, 'total_qty': 1.0, 'opening_trigger_count': 3, 'closing_trigger_count': 3}]}
================================================================================
[2026-04-16 22:27:48.503391] Task created: 81b84bc2-74c3-470f-b613-7b9220073e53
Executor is_running: False
Coroutine: <coroutine object ContinuousStrategyExecutor.execute_reverse_opening_continuous at 0x70856e5342c0>


================================================================================
[2026-04-16 22:31:31.472781] API CALLED: /execute/reverse/continuous
User ID: 0bc9c5f7-dc77-4f7d-bfbf-4b347a934b24
Request: {'binance_account_id': UUID('e8519bed-b8eb-478c-b106-64232b004d53'), 'bybit_account_id': UUID('e658c876-b19b-426d-b173-70269a63f711'), 'pair_code': 'XAU', 'opening_m_coin': 1.0, 'closing_m_coin': 5.0, 'trigger_check_interval': 0.1, 'ladders': [{'enabled': True, 'opening_spread': 1.8, 'closing_spread': 2.0, 'total_qty': 1.0, 'opening_trigger_count': 3, 'closing_trigger_count': 3}]}
================================================================================

================================================================================
[2026-04-16 22:32:24.747501] API CALLED: /execute/reverse/continuous
User ID: 0bc9c5f7-dc77-4f7d-bfbf-4b347a934b24
Request: {'binance_account_id': UUID('e8519bed-b8eb-478c-b106-64232b004d53'), 'bybit_account_id': UUID('e658c876-b19b-426d-b173-70269a63f711'), 'pair_code': 'XAU', 'opening_m_coin': 1.0, 'closing_m_coin': 5.0, 'trigger_check_interval': 0.1, 'ladders': [{'enabled': True, 'opening_spread': 1.8, 'closing_spread': 2.0, 'total_qty': 1.0, 'opening_trigger_count': 3, 'closing_trigger_count': 3}]}
================================================================================

================================================================================
[2026-04-16 22:36:15.372584] API CALLED: /execute/reverse/continuous
User ID: f9ea299a-3dff-4a53-a52c-1331c99623f8
Request: {'binance_account_id': UUID('e8519bed-b8eb-478c-b106-64232b004d53'), 'bybit_account_id': UUID('e658c876-b19b-426d-b173-70269a63f711'), 'pair_code': 'XAU', 'opening_m_coin': 1.0, 'closing_m_coin': 5.0, 'trigger_check_interval': 0.1, 'ladders': [{'enabled': True, 'opening_spread': 1.5, 'closing_spread': 2.0, 'total_qty': 1.0, 'opening_trigger_count': 3, 'closing_trigger_count': 3}]}
================================================================================
[2026-04-16 22:36:15.392355] Task created: 8ecdf100-ad52-407d-b96d-5b62df8ffb64
Executor is_running: False
Coroutine: <coroutine object ContinuousStrategyExecutor.execute_reverse_opening_continuous at 0x7838c0fd3c40>


================================================================================
[2026-04-16 22:37:23.833143] API CALLED: /execute/reverse/continuous
User ID: f9ea299a-3dff-4a53-a52c-1331c99623f8
Request: {'binance_account_id': UUID('e8519bed-b8eb-478c-b106-64232b004d53'), 'bybit_account_id': UUID('e658c876-b19b-426d-b173-70269a63f711'), 'pair_code': 'XAU', 'opening_m_coin': 1.0, 'closing_m_coin': 5.0, 'trigger_check_interval': 0.1, 'ladders': [{'enabled': True, 'opening_spread': 1.5, 'closing_spread': 2.0, 'total_qty': 1.0, 'opening_trigger_count': 3, 'closing_trigger_count': 3}]}
================================================================================
[2026-04-16 22:37:23.841834] Task created: 99a48778-b80a-4521-a159-d49e000e10a7
Executor is_running: False
Coroutine: <coroutine object ContinuousStrategyExecutor.execute_reverse_opening_continuous at 0x7838c0fd3240>


================================================================================
[2026-04-16 22:37:33.293469] API CALLED: /execute/reverse/continuous
User ID: f9ea299a-3dff-4a53-a52c-1331c99623f8
Request: {'binance_account_id': UUID('e8519bed-b8eb-478c-b106-64232b004d53'), 'bybit_account_id': UUID('e658c876-b19b-426d-b173-70269a63f711'), 'pair_code': 'XAU', 'opening_m_coin': 1.0, 'closing_m_coin': 5.0, 'trigger_check_interval': 0.1, 'ladders': [{'enabled': True, 'opening_spread': 1.2, 'closing_spread': 2.0, 'total_qty': 1.0, 'opening_trigger_count': 3, 'closing_trigger_count': 3}]}
================================================================================
[2026-04-16 22:37:33.340814] Task created: 8d02d0f5-c734-44c0-9229-6b0be1dc2eb4
Executor is_running: False
Coroutine: <coroutine object ContinuousStrategyExecutor.execute_reverse_opening_continuous at 0x7838bdc35080>


================================================================================
[2026-04-16 23:25:17.015186] API CALLED: /execute/reverse/continuous
User ID: f9ea299a-3dff-4a53-a52c-1331c99623f8
Request: {'binance_account_id': UUID('e8519bed-b8eb-478c-b106-64232b004d53'), 'bybit_account_id': UUID('e658c876-b19b-426d-b173-70269a63f711'), 'pair_code': 'XAU', 'opening_m_coin': 1.0, 'closing_m_coin': 5.0, 'trigger_check_interval': 0.1, 'ladders': [{'enabled': True, 'opening_spread': 0.6, 'closing_spread': 2.0, 'total_qty': 1.0, 'opening_trigger_count': 3, 'closing_trigger_count': 3}]}
================================================================================
[2026-04-16 23:25:17.027847] Task created: ec8d0a8b-d2a4-4e1a-a788-7dcba24af284
Executor is_running: False
Coroutine: <coroutine object ContinuousStrategyExecutor.execute_reverse_opening_continuous at 0x7838c0fd2840>


================================================================================
[2026-04-16 23:27:06.550903] API CALLED: /execute/reverse/continuous
User ID: f9ea299a-3dff-4a53-a52c-1331c99623f8
Request: {'binance_account_id': UUID('e8519bed-b8eb-478c-b106-64232b004d53'), 'bybit_account_id': UUID('e658c876-b19b-426d-b173-70269a63f711'), 'pair_code': 'XAU', 'opening_m_coin': 1.0, 'closing_m_coin': 5.0, 'trigger_check_interval': 0.1, 'ladders': [{'enabled': True, 'opening_spread': 0.4, 'closing_spread': 2.0, 'total_qty': 1.0, 'opening_trigger_count': 3, 'closing_trigger_count': 3}]}
================================================================================
[2026-04-16 23:27:06.568719] Task created: 4c4c0705-c2e4-48aa-b6a5-277aaa446aab
Executor is_running: False
Coroutine: <coroutine object ContinuousStrategyExecutor.execute_reverse_opening_continuous at 0x7838bdc36480>


================================================================================
[2026-04-16 23:36:15.253579] API CALLED: /execute/reverse/continuous
User ID: f9ea299a-3dff-4a53-a52c-1331c99623f8
Request: {'binance_account_id': UUID('e8519bed-b8eb-478c-b106-64232b004d53'), 'bybit_account_id': UUID('e658c876-b19b-426d-b173-70269a63f711'), 'pair_code': 'XAU', 'opening_m_coin': 1.0, 'closing_m_coin': 5.0, 'trigger_check_interval': 0.1, 'ladders': [{'enabled': True, 'opening_spread': 0.4, 'closing_spread': 2.0, 'total_qty': 1.0, 'opening_trigger_count': 3, 'closing_trigger_count': 3}]}
================================================================================
[2026-04-16 23:36:15.277603] Task created: 237c92fb-38fc-468a-b4ef-87352cd0f0e5
Executor is_running: False
Coroutine: <coroutine object ContinuousStrategyExecutor.execute_reverse_opening_continuous at 0x73c8770d6d40>


================================================================================
[2026-04-16 23:53:49.039967] API CALLED: /execute/forward/continuous
User ID: f9ea299a-3dff-4a53-a52c-1331c99623f8
Request: {'binance_account_id': UUID('e8519bed-b8eb-478c-b106-64232b004d53'), 'bybit_account_id': UUID('e658c876-b19b-426d-b173-70269a63f711'), 'pair_code': 'XAU', 'opening_m_coin': 1.0, 'closing_m_coin': 5.0, 'trigger_check_interval': 0.1, 'ladders': [{'enabled': True, 'opening_spread': 0.6, 'closing_spread': 2.0, 'total_qty': 1.0, 'opening_trigger_count': 3, 'closing_trigger_count': 3}]}
================================================================================
[2026-04-16 23:53:49.075404] Task created: ea05a2eb-0333-4c3e-8ec7-6e3bb10db4dc
Executor is_running: False
Coroutine: <coroutine object ContinuousStrategyExecutor.execute_forward_opening_continuous at 0x716687ecbec0>


================================================================================
[2026-04-17 00:41:53.909725] API CALLED: /execute/forward/continuous
User ID: f9ea299a-3dff-4a53-a52c-1331c99623f8
Request: {'binance_account_id': UUID('e8519bed-b8eb-478c-b106-64232b004d53'), 'bybit_account_id': UUID('e658c876-b19b-426d-b173-70269a63f711'), 'pair_code': 'XAU', 'opening_m_coin': 1.0, 'closing_m_coin': 5.0, 'trigger_check_interval': 0.1, 'ladders': [{'enabled': True, 'opening_spread': 0.6, 'closing_spread': 2.0, 'total_qty': 1.0, 'opening_trigger_count': 3, 'closing_trigger_count': 3}]}
================================================================================
[2026-04-17 00:41:53.946888] Task created: 083a2e80-7b4e-48e7-b682-a1589023fffa
Executor is_running: False
Coroutine: <coroutine object ContinuousStrategyExecutor.execute_forward_opening_continuous at 0x7ba28148c040>


================================================================================
[2026-04-17 00:43:28.601800] API CALLED: /execute/forward/continuous
User ID: f9ea299a-3dff-4a53-a52c-1331c99623f8
Request: {'binance_account_id': UUID('e8519bed-b8eb-478c-b106-64232b004d53'), 'bybit_account_id': UUID('e658c876-b19b-426d-b173-70269a63f711'), 'pair_code': 'XAU', 'opening_m_coin': 1.0, 'closing_m_coin': 5.0, 'trigger_check_interval': 0.1, 'ladders': [{'enabled': True, 'opening_spread': 0.0, 'closing_spread': 2.0, 'total_qty': 1.0, 'opening_trigger_count': 3, 'closing_trigger_count': 3}]}
================================================================================
[2026-04-17 00:43:28.614553] Task created: 2ad21055-49f8-4c67-af1f-f49126111725
Executor is_running: False
Coroutine: <coroutine object ContinuousStrategyExecutor.execute_forward_opening_continuous at 0x7ba28148d080>


================================================================================
[2026-04-17 00:51:33.932744] API CALLED: /execute/forward/continuous
User ID: f9ea299a-3dff-4a53-a52c-1331c99623f8
Request: {'binance_account_id': UUID('e8519bed-b8eb-478c-b106-64232b004d53'), 'bybit_account_id': UUID('e658c876-b19b-426d-b173-70269a63f711'), 'pair_code': 'XAU', 'opening_m_coin': 1.0, 'closing_m_coin': 5.0, 'trigger_check_interval': 0.1, 'ladders': [{'enabled': True, 'opening_spread': 0.0, 'closing_spread': 2.0, 'total_qty': 1.0, 'opening_trigger_count': 3, 'closing_trigger_count': 3}]}
================================================================================
[2026-04-17 00:51:33.955669] Task created: 4b92e566-f2e2-4b71-8294-4cffd9671f5f
Executor is_running: False
Coroutine: <coroutine object ContinuousStrategyExecutor.execute_forward_opening_continuous at 0x73cafc550180>


================================================================================
[2026-04-17 00:51:42.307251] API CALLED: /execute/reverse/continuous
User ID: f9ea299a-3dff-4a53-a52c-1331c99623f8
Request: {'binance_account_id': UUID('e8519bed-b8eb-478c-b106-64232b004d53'), 'bybit_account_id': UUID('e658c876-b19b-426d-b173-70269a63f711'), 'pair_code': 'XAU', 'opening_m_coin': 1.0, 'closing_m_coin': 5.0, 'trigger_check_interval': 0.1, 'ladders': [{'enabled': True, 'opening_spread': 0.4, 'closing_spread': 2.0, 'total_qty': 1.0, 'opening_trigger_count': 3, 'closing_trigger_count': 3}]}
================================================================================
[2026-04-17 00:51:42.316927] Task created: f160cd6c-9749-429a-b44b-1e0e3c0a86a6
Executor is_running: False
Coroutine: <coroutine object ContinuousStrategyExecutor.execute_reverse_opening_continuous at 0x73caff997d80>


================================================================================
[2026-04-17 01:05:26.213060] API CALLED: /execute/reverse/continuous
User ID: f9ea299a-3dff-4a53-a52c-1331c99623f8
Request: {'binance_account_id': UUID('e8519bed-b8eb-478c-b106-64232b004d53'), 'bybit_account_id': UUID('e658c876-b19b-426d-b173-70269a63f711'), 'pair_code': 'XAU', 'opening_m_coin': 1.0, 'closing_m_coin': 5.0, 'trigger_check_interval': 0.1, 'ladders': [{'enabled': True, 'opening_spread': 0.4, 'closing_spread': 2.0, 'total_qty': 1.0, 'opening_trigger_count': 3, 'closing_trigger_count': 3}]}
================================================================================
[2026-04-17 01:05:26.238342] Task created: fd92a983-fee0-450f-b197-9d717c972148
Executor is_running: False
Coroutine: <coroutine object ContinuousStrategyExecutor.execute_reverse_opening_continuous at 0x7c5a62608040>


================================================================================
[2026-04-17 01:24:29.742442] API CALLED: /execute/reverse/continuous
User ID: f9ea299a-3dff-4a53-a52c-1331c99623f8
Request: {'binance_account_id': UUID('e8519bed-b8eb-478c-b106-64232b004d53'), 'bybit_account_id': UUID('e658c876-b19b-426d-b173-70269a63f711'), 'pair_code': 'XAU', 'opening_m_coin': 1.0, 'closing_m_coin': 5.0, 'trigger_check_interval': 0.1, 'ladders': [{'enabled': True, 'opening_spread': 0.4, 'closing_spread': 2.0, 'total_qty': 1.0, 'opening_trigger_count': 3, 'closing_trigger_count': 3}]}
================================================================================
[2026-04-17 01:24:29.759790] Task created: 1c9b40fd-dbf8-4ab6-ad7c-a6f09c182172
Executor is_running: False
Coroutine: <coroutine object ContinuousStrategyExecutor.execute_reverse_opening_continuous at 0x7edaefe82700>


================================================================================
[2026-04-17 01:34:24.587106] API CALLED: /execute/reverse/continuous
User ID: f9ea299a-3dff-4a53-a52c-1331c99623f8
Request: {'binance_account_id': UUID('e8519bed-b8eb-478c-b106-64232b004d53'), 'bybit_account_id': UUID('e658c876-b19b-426d-b173-70269a63f711'), 'pair_code': 'ICXAU', 'opening_m_coin': 1.0, 'closing_m_coin': 5.0, 'trigger_check_interval': 0.1, 'ladders': [{'enabled': True, 'opening_spread': 2.0, 'closing_spread': 2.0, 'total_qty': 1.0, 'opening_trigger_count': 3, 'closing_trigger_count': 3}]}
================================================================================
[2026-04-17 01:34:24.596864] Task created: 83a48edb-2913-4608-b175-a20d9d99b8c1
Executor is_running: False
Coroutine: <coroutine object ContinuousStrategyExecutor.execute_reverse_opening_continuous at 0x7edaefe82c00>


================================================================================
[2026-04-17 01:34:54.974776] API CALLED: /execute/reverse/continuous
User ID: f9ea299a-3dff-4a53-a52c-1331c99623f8
Request: {'binance_account_id': UUID('e8519bed-b8eb-478c-b106-64232b004d53'), 'bybit_account_id': UUID('e658c876-b19b-426d-b173-70269a63f711'), 'pair_code': 'ICXAU', 'opening_m_coin': 1.0, 'closing_m_coin': 5.0, 'trigger_check_interval': 0.1, 'ladders': [{'enabled': True, 'opening_spread': 1.5, 'closing_spread': 2.0, 'total_qty': 1.0, 'opening_trigger_count': 3, 'closing_trigger_count': 3}]}
================================================================================
[2026-04-17 01:34:54.992254] Task created: 452dc853-9e4a-4a87-bd76-873338d6e209
Executor is_running: False
Coroutine: <coroutine object ContinuousStrategyExecutor.execute_reverse_opening_continuous at 0x7edaecb54680>


================================================================================
[2026-04-17 01:35:46.396819] API CALLED: /execute/reverse/continuous
User ID: f9ea299a-3dff-4a53-a52c-1331c99623f8
Request: {'binance_account_id': UUID('e8519bed-b8eb-478c-b106-64232b004d53'), 'bybit_account_id': UUID('e658c876-b19b-426d-b173-70269a63f711'), 'pair_code': 'ICXAU', 'opening_m_coin': 1.0, 'closing_m_coin': 5.0, 'trigger_check_interval': 0.1, 'ladders': [{'enabled': True, 'opening_spread': 1.5, 'closing_spread': 2.0, 'total_qty': 1.0, 'opening_trigger_count': 3, 'closing_trigger_count': 3}]}
================================================================================
[2026-04-17 01:35:46.404874] Task created: 52b2ffb1-1c6d-4b27-8df0-f5aeb64459f3
Executor is_running: False
Coroutine: <coroutine object ContinuousStrategyExecutor.execute_reverse_opening_continuous at 0x7edaecb55580>


================================================================================
[2026-04-17 01:36:26.208174] API CALLED: /execute/reverse/continuous
User ID: f9ea299a-3dff-4a53-a52c-1331c99623f8
Request: {'binance_account_id': UUID('e8519bed-b8eb-478c-b106-64232b004d53'), 'bybit_account_id': UUID('e658c876-b19b-426d-b173-70269a63f711'), 'pair_code': 'ICXAU', 'opening_m_coin': 1.0, 'closing_m_coin': 5.0, 'trigger_check_interval': 0.1, 'ladders': [{'enabled': True, 'opening_spread': 1.5, 'closing_spread': 2.0, 'total_qty': 1.0, 'opening_trigger_count': 3, 'closing_trigger_count': 3}]}
================================================================================
[2026-04-17 01:36:26.217294] Task created: 2a438b50-8ab1-4d25-ba44-619f4ce8e382
Executor is_running: False
Coroutine: <coroutine object ContinuousStrategyExecutor.execute_reverse_opening_continuous at 0x7edaecb547c0>


================================================================================
[2026-04-17 01:40:53.718115] API CALLED: /execute/reverse/continuous
User ID: f9ea299a-3dff-4a53-a52c-1331c99623f8
Request: {'binance_account_id': UUID('e8519bed-b8eb-478c-b106-64232b004d53'), 'bybit_account_id': UUID('e658c876-b19b-426d-b173-70269a63f711'), 'pair_code': 'ICXAU', 'opening_m_coin': 1.0, 'closing_m_coin': 5.0, 'trigger_check_interval': 0.1, 'ladders': [{'enabled': True, 'opening_spread': 1.0, 'closing_spread': 2.0, 'total_qty': 1.0, 'opening_trigger_count': 3, 'closing_trigger_count': 3}]}
================================================================================
[2026-04-17 01:40:53.743089] Task created: ae5ee98d-cd87-4bc2-a1bd-a54cd3bb7c45
Executor is_running: False
Coroutine: <coroutine object ContinuousStrategyExecutor.execute_reverse_opening_continuous at 0x784c34a77100>


================================================================================
[2026-04-17 01:58:36.230194] API CALLED: /execute/reverse/continuous
User ID: f9ea299a-3dff-4a53-a52c-1331c99623f8
Request: {'binance_account_id': UUID('e8519bed-b8eb-478c-b106-64232b004d53'), 'bybit_account_id': UUID('e658c876-b19b-426d-b173-70269a63f711'), 'pair_code': 'ICXAU', 'opening_m_coin': 1.0, 'closing_m_coin': 5.0, 'trigger_check_interval': 0.1, 'ladders': [{'enabled': True, 'opening_spread': 1.0, 'closing_spread': 2.0, 'total_qty': 1.0, 'opening_trigger_count': 3, 'closing_trigger_count': 3}]}
================================================================================
[2026-04-17 01:58:36.239631] Task created: 75677680-3f51-4515-8c76-aab1581bbdb5
Executor is_running: False
Coroutine: <coroutine object ContinuousStrategyExecutor.execute_reverse_opening_continuous at 0x784c34a77380>


================================================================================
[2026-04-17 01:59:31.327492] API CALLED: /execute/reverse/continuous
User ID: f9ea299a-3dff-4a53-a52c-1331c99623f8
Request: {'binance_account_id': UUID('e8519bed-b8eb-478c-b106-64232b004d53'), 'bybit_account_id': UUID('e658c876-b19b-426d-b173-70269a63f711'), 'pair_code': 'ICXAU', 'opening_m_coin': 1.0, 'closing_m_coin': 5.0, 'trigger_check_interval': 0.1, 'ladders': [{'enabled': True, 'opening_spread': 1.0, 'closing_spread': 2.0, 'total_qty': 1.0, 'opening_trigger_count': 3, 'closing_trigger_count': 3}]}
================================================================================
[2026-04-17 01:59:31.338292] Task created: a24efbbc-c20e-400f-a57a-3b8bd384e9a6
Executor is_running: False
Coroutine: <coroutine object ContinuousStrategyExecutor.execute_reverse_opening_continuous at 0x784c317a9e40>


================================================================================
[2026-04-17 02:00:36.851755] API CALLED: /execute/forward/continuous
User ID: f9ea299a-3dff-4a53-a52c-1331c99623f8
Request: {'binance_account_id': UUID('e8519bed-b8eb-478c-b106-64232b004d53'), 'bybit_account_id': UUID('e658c876-b19b-426d-b173-70269a63f711'), 'pair_code': 'ICXAU', 'opening_m_coin': 1.0, 'closing_m_coin': 5.0, 'trigger_check_interval': 0.1, 'ladders': [{'enabled': True, 'opening_spread': 0.0, 'closing_spread': 2.0, 'total_qty': 1.0, 'opening_trigger_count': 3, 'closing_trigger_count': 3}]}
================================================================================
[2026-04-17 02:00:36.859694] Task created: adbfe82e-6a41-427f-93b9-fc6f3e2c5957
Executor is_running: False
Coroutine: <coroutine object ContinuousStrategyExecutor.execute_forward_opening_continuous at 0x784c34a76480>


================================================================================
[2026-04-17 02:01:24.867138] API CALLED: /execute/forward/continuous
User ID: f9ea299a-3dff-4a53-a52c-1331c99623f8
Request: {'binance_account_id': UUID('e8519bed-b8eb-478c-b106-64232b004d53'), 'bybit_account_id': UUID('e658c876-b19b-426d-b173-70269a63f711'), 'pair_code': 'ICXAU', 'opening_m_coin': 1.0, 'closing_m_coin': 5.0, 'trigger_check_interval': 0.1, 'ladders': [{'enabled': True, 'opening_spread': 0.0, 'closing_spread': 2.0, 'total_qty': 1.0, 'opening_trigger_count': 3, 'closing_trigger_count': 3}]}
================================================================================
[2026-04-17 02:01:24.876317] Task created: dbc412fc-d0da-434c-82dd-8c49d0e0e66d
Executor is_running: False
Coroutine: <coroutine object ContinuousStrategyExecutor.execute_forward_opening_continuous at 0x784c34a76e80>


================================================================================
[2026-04-17 02:02:25.726809] API CALLED: /execute/forward/continuous
User ID: f9ea299a-3dff-4a53-a52c-1331c99623f8
Request: {'binance_account_id': UUID('e8519bed-b8eb-478c-b106-64232b004d53'), 'bybit_account_id': UUID('e658c876-b19b-426d-b173-70269a63f711'), 'pair_code': 'ICXAU', 'opening_m_coin': 1.0, 'closing_m_coin': 5.0, 'trigger_check_interval': 0.1, 'ladders': [{'enabled': True, 'opening_spread': 0.0, 'closing_spread': 2.0, 'total_qty': 1.0, 'opening_trigger_count': 3, 'closing_trigger_count': 3}]}
================================================================================
[2026-04-17 02:02:25.736895] Task created: 3577532e-a38a-465d-98e8-f15bbd9f4c76
Executor is_running: False
Coroutine: <coroutine object ContinuousStrategyExecutor.execute_forward_opening_continuous at 0x784c317aaac0>


================================================================================
[2026-04-17 02:11:02.078894] API CALLED: /execute/forward/continuous
User ID: f9ea299a-3dff-4a53-a52c-1331c99623f8
Request: {'binance_account_id': UUID('e8519bed-b8eb-478c-b106-64232b004d53'), 'bybit_account_id': UUID('e658c876-b19b-426d-b173-70269a63f711'), 'pair_code': 'ICXAU', 'opening_m_coin': 1.0, 'closing_m_coin': 5.0, 'trigger_check_interval': 0.1, 'ladders': [{'enabled': True, 'opening_spread': 0.0, 'closing_spread': 2.0, 'total_qty': 1.0, 'opening_trigger_count': 3, 'closing_trigger_count': 3}]}
================================================================================
[2026-04-17 02:11:02.086710] Task created: 4a7cea37-0f5c-446a-a101-c27cb98e897f
Executor is_running: False
Coroutine: <coroutine object ContinuousStrategyExecutor.execute_forward_opening_continuous at 0x784c317a91c0>

[2026-04-17 03:10:17.904949] Task created: b66886ae-20bc-442d-ba00-868101ee89f9
Executor is_running: False
Coroutine: <coroutine object ContinuousStrategyExecutor.execute_forward_closing_continuous at 0x7bcaa5257380>

[2026-04-17 03:25:44.008906] Task created: 709b708a-a2a3-49ab-842d-0fadb291f2ed
Executor is_running: False
Coroutine: <coroutine object ContinuousStrategyExecutor.execute_forward_closing_continuous at 0x75b71f06afc0>

