INFO:     Started server process [7956]
INFO:     Waiting for application startup.
INFO:     Application startup complete.
INFO:     Uvicorn running on http://0.0.0.0:8000 (Press CTRL+C to quit)
INFO:     ('172.31.5.62', 57407) - "WebSocket /ws?token=eyJhbGciOiJIUzI1NiIsInR5cCI6IkpXVCJ9.eyJzdWIiOiI2Njc2NGNkNi1kMWM5LTQ0NjgtYTQ3OC04NWI1MjZhMTY5MjciLCJleHAiOjE3NzM5NDU3ODl9.JQNOGpCvzOWLdYlRaDOzB-N54TPKuDOrAkOBM8CSGFc" [accepted]
INFO:     connection open
[REQUEST] GET /api/v1/market/orderbook
[REQUEST] GET /api/v1/market/orderbook
[REQUEST] GET /api/v1/market/orderbook
[REQUEST] GET /api/v1/trading/orders/realtime
[REQUEST] GET /api/v1/market/orderbook
[REQUEST] GET /api/v1/market/orderbook
2026-03-19 11:32:48,208 INFO sqlalchemy.engine.Engine select pg_catalog.version()
2026-03-19 11:32:48,209 INFO sqlalchemy.engine.Engine [raw sql] ()
2026-03-19 11:32:48,211 INFO sqlalchemy.engine.Engine select current_schema()
2026-03-19 11:32:48,211 INFO sqlalchemy.engine.Engine [raw sql] ()
[RESPONSE] GET /api/v1/market/orderbook - Status: 200
INFO:     172.31.5.62:57406 - "GET /api/v1/market/orderbook HTTP/1.1" 200 OK
2026-03-19 11:32:48,214 INFO sqlalchemy.engine.Engine show standard_conforming_strings
2026-03-19 11:32:48,214 INFO sqlalchemy.engine.Engine [raw sql] ()
[RESPONSE] GET /api/v1/market/orderbook - Status: 200
2026-03-19 11:32:48,216 INFO sqlalchemy.engine.Engine BEGIN (implicit)
2026-03-19 11:32:48,306 INFO sqlalchemy.engine.Engine SELECT users.user_id, users.username, users.password_hash, users.email, users.role, users.feishu_open_id, users.feishu_mobile, users.feishu_union_id, users.create_time, users.update_time, users.is_active 
FROM users 
WHERE users.user_id = $1::UUID
2026-03-19 11:32:48,306 INFO sqlalchemy.engine.Engine [generated in 0.00022s] ('66764cd6-d1c9-4468-a478-85b526a16927',)
INFO:     172.31.5.62:57402 - "GET /api/v1/market/orderbook HTTP/1.1" 200 OK
[REQUEST] GET /api/v1/market/orderbook
[RESPONSE] GET /api/v1/market/orderbook - Status: 200
[RESPONSE] GET /api/v1/market/orderbook - Status: 200
[RESPONSE] GET /api/v1/market/orderbook - Status: 200
INFO:     172.31.5.62:57404 - "GET /api/v1/market/orderbook HTTP/1.1" 200 OK
INFO:     172.31.5.62:57399 - "GET /api/v1/market/orderbook HTTP/1.1" 200 OK
INFO:     172.31.5.62:57420 - "GET /api/v1/market/orderbook HTTP/1.1" 200 OK
2026-03-19 11:32:48,311 INFO sqlalchemy.engine.Engine ROLLBACK
2026-03-19 11:32:48,311 INFO sqlalchemy.engine.Engine BEGIN (implicit)
2026-03-19 11:32:48,311 INFO sqlalchemy.engine.Engine SELECT accounts.account_id, accounts.user_id, accounts.platform_id, accounts.account_name, accounts.api_key, accounts.api_secret, accounts.passphrase, accounts.mt5_id, accounts.mt5_server, accounts.mt5_primary_pwd, accounts.is_mt5_account, accounts.leverage, accounts.is_default, accounts.is_active, accounts.create_time, accounts.update_time 
FROM accounts 
WHERE accounts.user_id = $1::UUID
2026-03-19 11:32:48,311 INFO sqlalchemy.engine.Engine [generated in 0.00016s] (UUID('66764cd6-d1c9-4468-a478-85b526a16927'),)
2026-03-19 11:32:48,335 INFO sqlalchemy.engine.Engine COMMIT
[RESPONSE] GET /api/v1/trading/orders/realtime - Status: 200
INFO:     172.31.5.62:57400 - "GET /api/v1/trading/orders/realtime HTTP/1.1" 200 OK
[REQUEST] GET /api/v1/market/orderbook
[REQUEST] GET /api/v1/market/orderbook
[REQUEST] GET /api/v1/market/orderbook
[RESPONSE] GET /api/v1/market/orderbook - Status: 200
INFO:     172.31.5.62:57409 - "GET /api/v1/market/orderbook HTTP/1.1" 200 OK
[REQUEST] GET /api/v1/market/orderbook
[RESPONSE] GET /api/v1/market/orderbook - Status: 200
INFO:     172.31.5.62:57410 - "GET /api/v1/market/orderbook HTTP/1.1" 200 OK
[RESPONSE] GET /api/v1/market/orderbook - Status: 200
INFO:     172.31.5.62:57405 - "GET /api/v1/market/orderbook HTTP/1.1" 200 OK
[RESPONSE] GET /api/v1/market/orderbook - Status: 200
INFO:     172.31.5.62:57403 - "GET /api/v1/market/orderbook HTTP/1.1" 200 OK
[RESPONSE] GET /api/v1/market/orderbook - Status: 200
INFO:     172.31.5.62:57401 - "GET /api/v1/market/orderbook HTTP/1.1" 200 OK
[SNAPSHOT] Initial push failed: No module named 'app.database'
[REQUEST] GET /api/v1/market/orderbook
[REQUEST] GET /api/v1/market/orderbook
[RESPONSE] GET /api/v1/market/orderbook - Status: 200
INFO:     172.31.5.62:57435 - "GET /api/v1/market/orderbook HTTP/1.1" 200 OK
[REQUEST] GET /api/v1/market/orderbook
[RESPONSE] GET /api/v1/market/orderbook - Status: 200
INFO:     172.31.5.62:57438 - "GET /api/v1/market/orderbook HTTP/1.1" 200 OK
[RESPONSE] GET /api/v1/market/orderbook - Status: 200
INFO:     172.31.5.62:57441 - "GET /api/v1/market/orderbook HTTP/1.1" 200 OK
[REQUEST] GET /api/v1/trading/orders/realtime
2026-03-19 11:32:48,875 INFO sqlalchemy.engine.Engine BEGIN (implicit)
2026-03-19 11:32:48,875 INFO sqlalchemy.engine.Engine SELECT users.user_id, users.username, users.password_hash, users.email, users.role, users.feishu_open_id, users.feishu_mobile, users.feishu_union_id, users.create_time, users.update_time, users.is_active 
FROM users 
WHERE users.user_id = $1::UUID
2026-03-19 11:32:48,875 INFO sqlalchemy.engine.Engine [cached since 0.5692s ago] ('66764cd6-d1c9-4468-a478-85b526a16927',)
2026-03-19 11:32:48,884 INFO sqlalchemy.engine.Engine ROLLBACK
2026-03-19 11:32:48,885 INFO sqlalchemy.engine.Engine BEGIN (implicit)
2026-03-19 11:32:48,885 INFO sqlalchemy.engine.Engine SELECT accounts.account_id, accounts.user_id, accounts.platform_id, accounts.account_name, accounts.api_key, accounts.api_secret, accounts.passphrase, accounts.mt5_id, accounts.mt5_server, accounts.mt5_primary_pwd, accounts.is_mt5_account, accounts.leverage, accounts.is_default, accounts.is_active, accounts.create_time, accounts.update_time 
FROM accounts 
WHERE accounts.user_id = $1::UUID
2026-03-19 11:32:48,885 INFO sqlalchemy.engine.Engine [cached since 0.5668s ago] (UUID('66764cd6-d1c9-4468-a478-85b526a16927'),)
2026-03-19 11:32:48,898 INFO sqlalchemy.engine.Engine COMMIT
[RESPONSE] GET /api/v1/trading/orders/realtime - Status: 200
INFO:     172.31.5.62:57444 - "GET /api/v1/trading/orders/realtime HTTP/1.1" 200 OK
[REQUEST] GET /api/v1/trading/orders/realtime
2026-03-19 11:32:49,088 INFO sqlalchemy.engine.Engine BEGIN (implicit)
2026-03-19 11:32:49,088 INFO sqlalchemy.engine.Engine SELECT users.user_id, users.username, users.password_hash, users.email, users.role, users.feishu_open_id, users.feishu_mobile, users.feishu_union_id, users.create_time, users.update_time, users.is_active 
FROM users 
WHERE users.user_id = $1::UUID
2026-03-19 11:32:49,088 INFO sqlalchemy.engine.Engine [cached since 0.7818s ago] ('66764cd6-d1c9-4468-a478-85b526a16927',)
2026-03-19 11:32:49,089 INFO sqlalchemy.engine.Engine ROLLBACK
2026-03-19 11:32:49,090 INFO sqlalchemy.engine.Engine BEGIN (implicit)
2026-03-19 11:32:49,091 INFO sqlalchemy.engine.Engine SELECT accounts.account_id, accounts.user_id, accounts.platform_id, accounts.account_name, accounts.api_key, accounts.api_secret, accounts.passphrase, accounts.mt5_id, accounts.mt5_server, accounts.mt5_primary_pwd, accounts.is_mt5_account, accounts.leverage, accounts.is_default, accounts.is_active, accounts.create_time, accounts.update_time 
FROM accounts 
WHERE accounts.user_id = $1::UUID
2026-03-19 11:32:49,091 INFO sqlalchemy.engine.Engine [cached since 0.7721s ago] (UUID('66764cd6-d1c9-4468-a478-85b526a16927'),)
2026-03-19 11:32:49,104 INFO sqlalchemy.engine.Engine COMMIT
[RESPONSE] GET /api/v1/trading/orders/realtime - Status: 200
INFO:     172.31.5.62:57446 - "GET /api/v1/trading/orders/realtime HTTP/1.1" 200 OK
[REQUEST] GET /api/v1/market/orderbook
[REQUEST] GET /api/v1/market/orderbook
[RESPONSE] GET /api/v1/market/orderbook - Status: 200
INFO:     172.31.5.62:57448 - "GET /api/v1/market/orderbook HTTP/1.1" 200 OK
[RESPONSE] GET /api/v1/market/orderbook - Status: 200
INFO:     172.31.5.62:57451 - "GET /api/v1/market/orderbook HTTP/1.1" 200 OK
[REQUEST] GET /api/v1/market/orderbook
[REQUEST] GET /api/v1/market/orderbook
[RESPONSE] GET /api/v1/market/orderbook - Status: 200
INFO:     172.31.5.62:57454 - "GET /api/v1/market/orderbook HTTP/1.1" 200 OK
[RESPONSE] GET /api/v1/market/orderbook - Status: 200
INFO:     172.31.5.62:57457 - "GET /api/v1/market/orderbook HTTP/1.1" 200 OK
[REQUEST] GET /api/v1/market/orderbook
[REQUEST] GET /api/v1/market/orderbook
[REQUEST] GET /api/v1/system/status
Redis monitor started successfully
[RESPONSE] GET /api/v1/system/status - Status: 200
INFO:     172.31.5.62:57466 - "GET /api/v1/system/status HTTP/1.1" 200 OK
2026-03-19 11:32:50,095 INFO sqlalchemy.engine.Engine BEGIN (implicit)
2026-03-19 11:32:50,096 INFO sqlalchemy.engine.Engine SELECT notification_configs.config_id, notification_configs.service_type, notification_configs.is_enabled, notification_configs.config_data, notification_configs.created_at, notification_configs.updated_at 
FROM notification_configs 
WHERE notification_configs.service_type = $1::VARCHAR AND notification_configs.is_enabled = true
2026-03-19 11:32:50,097 INFO sqlalchemy.engine.Engine [generated in 0.00033s] ('feishu',)
2026-03-19 11:32:50,109 INFO sqlalchemy.engine.Engine ROLLBACK
2026-03-19 11:32:50,180 INFO sqlalchemy.engine.Engine select pg_catalog.version()
2026-03-19 11:32:50,181 INFO sqlalchemy.engine.Engine [raw sql] {}
2026-03-19 11:32:50,181 INFO sqlalchemy.engine.Engine select current_schema()
2026-03-19 11:32:50,181 INFO sqlalchemy.engine.Engine [raw sql] {}
2026-03-19 11:32:50,182 INFO sqlalchemy.engine.Engine show standard_conforming_strings
2026-03-19 11:32:50,182 INFO sqlalchemy.engine.Engine [raw sql] {}
2026-03-19 11:32:50,182 INFO sqlalchemy.engine.Engine BEGIN (implicit)
2026-03-19 11:32:50,186 INFO sqlalchemy.engine.Engine SELECT accounts.account_id AS accounts_account_id, accounts.user_id AS accounts_user_id, accounts.platform_id AS accounts_platform_id, accounts.account_name AS accounts_account_name, accounts.api_key AS accounts_api_key, accounts.api_secret AS accounts_api_secret, accounts.passphrase AS accounts_passphrase, accounts.mt5_id AS accounts_mt5_id, accounts.mt5_server AS accounts_mt5_server, accounts.mt5_primary_pwd AS accounts_mt5_primary_pwd, accounts.is_mt5_account AS accounts_is_mt5_account, accounts.leverage AS accounts_leverage, accounts.is_default AS accounts_is_default, accounts.is_active AS accounts_is_active, accounts.create_time AS accounts_create_time, accounts.update_time AS accounts_update_time 
FROM accounts JOIN platforms ON platforms.platform_id = accounts.platform_id 
WHERE platforms.platform_name = %(platform_name_1)s AND accounts.is_active IS true 
 LIMIT %(param_1)s
2026-03-19 11:32:50,186 INFO sqlalchemy.engine.Engine [generated in 0.00022s] {'platform_name_1': 'binance', 'param_1': 1}
2026-03-19 11:32:50,191 INFO sqlalchemy.engine.Engine SELECT accounts.account_id AS accounts_account_id, accounts.user_id AS accounts_user_id, accounts.platform_id AS accounts_platform_id, accounts.account_name AS accounts_account_name, accounts.api_key AS accounts_api_key, accounts.api_secret AS accounts_api_secret, accounts.passphrase AS accounts_passphrase, accounts.mt5_id AS accounts_mt5_id, accounts.mt5_server AS accounts_mt5_server, accounts.mt5_primary_pwd AS accounts_mt5_primary_pwd, accounts.is_mt5_account AS accounts_is_mt5_account, accounts.leverage AS accounts_leverage, accounts.is_default AS accounts_is_default, accounts.is_active AS accounts_is_active, accounts.create_time AS accounts_create_time, accounts.update_time AS accounts_update_time 
FROM accounts JOIN platforms ON platforms.platform_id = accounts.platform_id 
WHERE platforms.platform_name = %(platform_name_1)s AND accounts.is_active IS true 
 LIMIT %(param_1)s
2026-03-19 11:32:50,191 INFO sqlalchemy.engine.Engine [cached since 0.006095s ago] {'platform_name_1': 'bybit', 'param_1': 1}
MT5 initialize failed: (-10005, 'IPC timeout')
[RESPONSE] GET /api/v1/market/orderbook - Status: 200
INFO:     172.31.5.62:57461 - "GET /api/v1/market/orderbook HTTP/1.1" 200 OK
Error extracting opportunities: 
Traceback (most recent call last):
  File "C:\Python39\lib\site-packages\asyncpg\connection.py", line 2329, in connect
    return await connect_utils._connect(
  File "C:\Python39\lib\site-packages\asyncpg\connect_utils.py", line 991, in _connect
    conn = await _connect_addr(
  File "C:\Python39\lib\site-packages\asyncpg\connect_utils.py", line 828, in _connect_addr
    return await __connect_addr(params, True, *args)
  File "C:\Python39\lib\site-packages\asyncpg\connect_utils.py", line 873, in __connect_addr
    tr, pr = await connector
  File "C:\Python39\lib\site-packages\asyncpg\connect_utils.py", line 752, in _create_ssl_connection
    do_ssl_upgrade = await pr.on_data
asyncio.exceptions.CancelledError

During handling of the above exception, another exception occurred:

Traceback (most recent call last):
  File "C:\app\hustle2026\backend\app\services\arbitrage_opportunity_service.py", line 29, in extract_opportunities
    result = await db.execute(select(StrategyConfig))
  File "C:\Python39\lib\site-packages\sqlalchemy\ext\asyncio\session.py", line 455, in execute
    result = await greenlet_spawn(
  File "C:\Python39\lib\site-packages\sqlalchemy\util\_concurrency_py3k.py", line 200, in greenlet_spawn
    result = context.throw(*sys.exc_info())
  File "C:\Python39\lib\site-packages\sqlalchemy\orm\session.py", line 2308, in execute
    return self._execute_internal(
  File "C:\Python39\lib\site-packages\sqlalchemy\orm\session.py", line 2180, in _execute_internal
    conn = self._connection_for_bind(bind)
  File "C:\Python39\lib\site-packages\sqlalchemy\orm\session.py", line 2047, in _connection_for_bind
    return trans._connection_for_bind(engine, execution_options)
  File "<string>", line 2, in _connection_for_bind
  File "C:\Python39\lib\site-packages\sqlalchemy\orm\state_changes.py", line 139, in _go
    ret_value = fn(self, *arg, **kw)
  File "C:\Python39\lib\site-packages\sqlalchemy\orm\session.py", line 1143, in _connection_for_bind
    conn = bind.connect()
  File "C:\Python39\lib\site-packages\sqlalchemy\engine\base.py", line 3269, in connect
    return self._connection_cls(self)
  File "C:\Python39\lib\site-packages\sqlalchemy\engine\base.py", line 145, in __init__
    self._dbapi_connection = engine.raw_connection()
  File "C:\Python39\lib\site-packages\sqlalchemy\engine\base.py", line 3293, in raw_connection
    return self.pool.connect()
  File "C:\Python39\lib\site-packages\sqlalchemy\pool\base.py", line 452, in connect
    return _ConnectionFairy._checkout(self)
  File "C:\Python39\lib\site-packages\sqlalchemy\pool\base.py", line 1269, in _checkout
    fairy = _ConnectionRecord.checkout(pool)
  File "C:\Python39\lib\site-packages\sqlalchemy\pool\base.py", line 716, in checkout
    rec = pool._do_get()
  File "C:\Python39\lib\site-packages\sqlalchemy\pool\impl.py", line 170, in _do_get
    self._dec_overflow()
  File "C:\Python39\lib\site-packages\sqlalchemy\util\langhelpers.py", line 146, in __exit__
    raise exc_value.with_traceback(exc_tb)
  File "C:\Python39\lib\site-packages\sqlalchemy\pool\impl.py", line 167, in _do_get
    return self._create_connection()
  File "C:\Python39\lib\site-packages\sqlalchemy\pool\base.py", line 393, in _create_connection
    return _ConnectionRecord(self)
  File "C:\Python39\lib\site-packages\sqlalchemy\pool\base.py", line 678, in __init__
    self.__connect()
  File "C:\Python39\lib\site-packages\sqlalchemy\pool\base.py", line 903, in __connect
    pool.logger.debug("Error on connect(): %s", e)
  File "C:\Python39\lib\site-packages\sqlalchemy\util\langhelpers.py", line 146, in __exit__
    raise exc_value.with_traceback(exc_tb)
  File "C:\Python39\lib\site-packages\sqlalchemy\pool\base.py", line 898, in __connect
    self.dbapi_connection = connection = pool._invoke_creator(self)
  File "C:\Python39\lib\site-packages\sqlalchemy\engine\create.py", line 645, in connect
    return dialect.connect(*cargs, **cparams)
  File "C:\Python39\lib\site-packages\sqlalchemy\engine\default.py", line 616, in connect
    return self.loaded_dbapi.connect(*cargs, **cparams)
  File "C:\Python39\lib\site-packages\sqlalchemy\dialects\postgresql\asyncpg.py", line 941, in connect
    await_only(creator_fn(*arg, **kw)),
  File "C:\Python39\lib\site-packages\sqlalchemy\util\_concurrency_py3k.py", line 130, in await_only
    return current.driver.switch(awaitable)  # type: ignore[no-any-return]
  File "C:\Python39\lib\site-packages\sqlalchemy\util\_concurrency_py3k.py", line 195, in greenlet_spawn
    value = await result
  File "C:\Python39\lib\site-packages\asyncpg\connection.py", line 2329, in connect
    return await connect_utils._connect(
  File "C:\Python39\lib\site-packages\async_timeout\__init__.py", line 141, in __aexit__
    self._do_exit(exc_type)
  File "C:\Python39\lib\site-packages\async_timeout\__init__.py", line 228, in _do_exit
    raise asyncio.TimeoutError
asyncio.exceptions.TimeoutError
Error in position monitoring: 
Database session error: 
Risk metrics stream timeout, extending retry interval
Binance WS disconnected (attempt #1): , reconnecting in 5s
Failed to get Bybit order book: 
Failed to check MT5 status: 
Failed to fetch Redis status: 
[REQUEST] GET /api/v1/market/orderbook
2026-03-19 11:33:55,448 INFO sqlalchemy.engine.Engine BEGIN (implicit)
2026-03-19 11:33:55,450 INFO sqlalchemy.engine.Engine SELECT pending_orders.id, pending_orders.user_id, pending_orders.strategy_type, pending_orders.platform, pending_orders.order_id, pending_orders.symbol, pending_orders.side, pending_orders.quantity, pending_orders.price, pending_orders.order_type, pending_orders.status, pending_orders.filled_quantity, pending_orders.created_at, pending_orders.updated_at, pending_orders.expires_at, pending_orders.extra_data 
FROM pending_orders 
WHERE pending_orders.created_at > $1::TIMESTAMP WITHOUT TIME ZONE AND pending_orders.status = $2::VARCHAR ORDER BY pending_orders.created_at DESC
2026-03-19 11:33:55,450 INFO sqlalchemy.engine.Engine [generated in 0.00019s] (datetime.datetime(2026, 3, 19, 10, 32, 50, 110379), 'PENDING')
Failed to get active strategies count: 
Failed to fetch pending orders: 
MT5 Bridge error: 
Traceback (most recent call last):
  File "C:\Python39\lib\site-packages\asyncpg\connection.py", line 2329, in connect
    return await connect_utils._connect(
  File "C:\Python39\lib\site-packages\asyncpg\connect_utils.py", line 991, in _connect
    conn = await _connect_addr(
  File "C:\Python39\lib\site-packages\asyncpg\connect_utils.py", line 828, in _connect_addr
    return await __connect_addr(params, True, *args)
  File "C:\Python39\lib\site-packages\asyncpg\connect_utils.py", line 873, in __connect_addr
    tr, pr = await connector
  File "C:\Python39\lib\site-packages\asyncpg\connect_utils.py", line 752, in _create_ssl_connection
    do_ssl_upgrade = await pr.on_data
asyncio.exceptions.CancelledError

During handling of the above exception, another exception occurred:

Traceback (most recent call last):
  File "C:\app\hustle2026\backend\app\services\mt5_bridge.py", line 70, in _bridge_loop
    result = await db.execute(
  File "C:\Python39\lib\site-packages\sqlalchemy\ext\asyncio\session.py", line 455, in execute
    result = await greenlet_spawn(
  File "C:\Python39\lib\site-packages\sqlalchemy\util\_concurrency_py3k.py", line 200, in greenlet_spawn
    result = context.throw(*sys.exc_info())
  File "C:\Python39\lib\site-packages\sqlalchemy\orm\session.py", line 2308, in execute
    return self._execute_internal(
  File "C:\Python39\lib\site-packages\sqlalchemy\orm\session.py", line 2180, in _execute_internal
    conn = self._connection_for_bind(bind)
  File "C:\Python39\lib\site-packages\sqlalchemy\orm\session.py", line 2047, in _connection_for_bind
    return trans._connection_for_bind(engine, execution_options)
  File "<string>", line 2, in _connection_for_bind
  File "C:\Python39\lib\site-packages\sqlalchemy\orm\state_changes.py", line 139, in _go
    ret_value = fn(self, *arg, **kw)
  File "C:\Python39\lib\site-packages\sqlalchemy\orm\session.py", line 1143, in _connection_for_bind
    conn = bind.connect()
  File "C:\Python39\lib\site-packages\sqlalchemy\engine\base.py", line 3269, in connect
    return self._connection_cls(self)
  File "C:\Python39\lib\site-packages\sqlalchemy\engine\base.py", line 145, in __init__
    self._dbapi_connection = engine.raw_connection()
  File "C:\Python39\lib\site-packages\sqlalchemy\engine\base.py", line 3293, in raw_connection
    return self.pool.connect()
  File "C:\Python39\lib\site-packages\sqlalchemy\pool\base.py", line 452, in connect
    return _ConnectionFairy._checkout(self)
  File "C:\Python39\lib\site-packages\sqlalchemy\pool\base.py", line 1269, in _checkout
    fairy = _ConnectionRecord.checkout(pool)
  File "C:\Python39\lib\site-packages\sqlalchemy\pool\base.py", line 716, in checkout
    rec = pool._do_get()
  File "C:\Python39\lib\site-packages\sqlalchemy\pool\impl.py", line 170, in _do_get
    self._dec_overflow()
  File "C:\Python39\lib\site-packages\sqlalchemy\util\langhelpers.py", line 146, in __exit__
    raise exc_value.with_traceback(exc_tb)
  File "C:\Python39\lib\site-packages\sqlalchemy\pool\impl.py", line 167, in _do_get
    return self._create_connection()
  File "C:\Python39\lib\site-packages\sqlalchemy\pool\base.py", line 393, in _create_connection
    return _ConnectionRecord(self)
  File "C:\Python39\lib\site-packages\sqlalchemy\pool\base.py", line 678, in __init__
    self.__connect()
  File "C:\Python39\lib\site-packages\sqlalchemy\pool\base.py", line 903, in __connect
    pool.logger.debug("Error on connect(): %s", e)
  File "C:\Python39\lib\site-packages\sqlalchemy\util\langhelpers.py", line 146, in __exit__
    raise exc_value.with_traceback(exc_tb)
  File "C:\Python39\lib\site-packages\sqlalchemy\pool\base.py", line 898, in __connect
    self.dbapi_connection = connection = pool._invoke_creator(self)
  File "C:\Python39\lib\site-packages\sqlalchemy\engine\create.py", line 645, in connect
    return dialect.connect(*cargs, **cparams)
  File "C:\Python39\lib\site-packages\sqlalchemy\engine\default.py", line 616, in connect
    return self.loaded_dbapi.connect(*cargs, **cparams)
  File "C:\Python39\lib\site-packages\sqlalchemy\dialects\postgresql\asyncpg.py", line 941, in connect
    await_only(creator_fn(*arg, **kw)),
  File "C:\Python39\lib\site-packages\sqlalchemy\util\_concurrency_py3k.py", line 130, in await_only
    return current.driver.switch(awaitable)  # type: ignore[no-any-return]
  File "C:\Python39\lib\site-packages\sqlalchemy\util\_concurrency_py3k.py", line 195, in greenlet_spawn
    value = await result
  File "C:\Python39\lib\site-packages\asyncpg\connection.py", line 2329, in connect
    return await connect_utils._connect(
  File "C:\Python39\lib\site-packages\async_timeout\__init__.py", line 141, in __aexit__
    self._do_exit(exc_type)
  File "C:\Python39\lib\site-packages\async_timeout\__init__.py", line 228, in _do_exit
    raise asyncio.TimeoutError
asyncio.exceptions.TimeoutError
Binance WebSocket not connected (connected=False, bid=0.0, ask=0.0)
[RESPONSE] GET /api/v1/market/orderbook - Status: 200
[REQUEST] GET /api/v1/market/orderbook
INFO:     172.31.5.62:57460 - "GET /api/v1/market/orderbook HTTP/1.1" 200 OK
