INFO:     Started server process [7216]
INFO:     Waiting for application startup.
INFO:     Application startup complete.
INFO:     Uvicorn running on http://0.0.0.0:8000 (Press CTRL+C to quit)
Redis monitor started successfully
2026-03-26 17:43:47,946 INFO sqlalchemy.engine.Engine select pg_catalog.version()
2026-03-26 17:43:47,947 INFO sqlalchemy.engine.Engine [raw sql] ()
2026-03-26 17:43:47,955 INFO sqlalchemy.engine.Engine select current_schema()
2026-03-26 17:43:47,955 INFO sqlalchemy.engine.Engine [raw sql] ()
2026-03-26 17:43:47,959 INFO sqlalchemy.engine.Engine show standard_conforming_strings
2026-03-26 17:43:47,960 INFO sqlalchemy.engine.Engine [raw sql] ()
2026-03-26 17:43:47,961 INFO sqlalchemy.engine.Engine BEGIN (implicit)
2026-03-26 17:43:48,059 INFO sqlalchemy.engine.Engine SELECT notification_configs.config_id, notification_configs.service_type, notification_configs.is_enabled, notification_configs.config_data, notification_configs.created_at, notification_configs.updated_at 
FROM notification_configs 
WHERE notification_configs.service_type = $1::VARCHAR AND notification_configs.is_enabled = true
2026-03-26 17:43:48,059 INFO sqlalchemy.engine.Engine [generated in 0.00024s] ('feishu',)
2026-03-26 17:43:48,064 INFO sqlalchemy.engine.Engine ROLLBACK
2026-03-26 17:43:48,159 INFO sqlalchemy.engine.Engine select pg_catalog.version()
2026-03-26 17:43:48,159 INFO sqlalchemy.engine.Engine [raw sql] {}
2026-03-26 17:43:48,159 INFO sqlalchemy.engine.Engine select current_schema()
2026-03-26 17:43:48,159 INFO sqlalchemy.engine.Engine [raw sql] {}
2026-03-26 17:43:48,160 INFO sqlalchemy.engine.Engine show standard_conforming_strings
2026-03-26 17:43:48,160 INFO sqlalchemy.engine.Engine [raw sql] {}
2026-03-26 17:43:48,160 INFO sqlalchemy.engine.Engine BEGIN (implicit)
2026-03-26 17:43:48,165 INFO sqlalchemy.engine.Engine SELECT accounts.account_id AS accounts_account_id, accounts.user_id AS accounts_user_id, accounts.platform_id AS accounts_platform_id, accounts.account_name AS accounts_account_name, accounts.api_key AS accounts_api_key, accounts.api_secret AS accounts_api_secret, accounts.passphrase AS accounts_passphrase, accounts.mt5_id AS accounts_mt5_id, accounts.mt5_server AS accounts_mt5_server, accounts.mt5_primary_pwd AS accounts_mt5_primary_pwd, accounts.is_mt5_account AS accounts_is_mt5_account, accounts.leverage AS accounts_leverage, accounts.is_default AS accounts_is_default, accounts.is_active AS accounts_is_active, accounts.create_time AS accounts_create_time, accounts.update_time AS accounts_update_time 
FROM accounts JOIN platforms ON platforms.platform_id = accounts.platform_id 
WHERE platforms.platform_name = %(platform_name_1)s AND accounts.is_active IS true 
 LIMIT %(param_1)s
2026-03-26 17:43:48,165 INFO sqlalchemy.engine.Engine [generated in 0.00023s] {'platform_name_1': 'binance', 'param_1': 1}
2026-03-26 17:43:48,174 INFO sqlalchemy.engine.Engine SELECT accounts.account_id AS accounts_account_id, accounts.user_id AS accounts_user_id, accounts.platform_id AS accounts_platform_id, accounts.account_name AS accounts_account_name, accounts.api_key AS accounts_api_key, accounts.api_secret AS accounts_api_secret, accounts.passphrase AS accounts_passphrase, accounts.mt5_id AS accounts_mt5_id, accounts.mt5_server AS accounts_mt5_server, accounts.mt5_primary_pwd AS accounts_mt5_primary_pwd, accounts.is_mt5_account AS accounts_is_mt5_account, accounts.leverage AS accounts_leverage, accounts.is_default AS accounts_is_default, accounts.is_active AS accounts_is_active, accounts.create_time AS accounts_create_time, accounts.update_time AS accounts_update_time 
FROM accounts JOIN platforms ON platforms.platform_id = accounts.platform_id 
WHERE platforms.platform_name = %(platform_name_1)s AND accounts.is_active IS true 
 LIMIT %(param_1)s
2026-03-26 17:43:48,174 INFO sqlalchemy.engine.Engine [cached since 0.009106s ago] {'platform_name_1': 'bybit', 'param_1': 1}
MT5 initialize failed: (-10005, 'IPC timeout')
Error extracting opportunities: 
Traceback (most recent call last):
  File "C:\Python39\lib\site-packages\asyncpg\connection.py", line 2329, in connect
    return await connect_utils._connect(
  File "C:\Python39\lib\site-packages\asyncpg\connect_utils.py", line 991, in _connect
    conn = await _connect_addr(
  File "C:\Python39\lib\site-packages\asyncpg\connect_utils.py", line 828, in _connect_addr
    return await __connect_addr(params, True, *args)
  File "C:\Python39\lib\site-packages\asyncpg\connect_utils.py", line 873, in __connect_addr
    tr, pr = await connector
  File "C:\Python39\lib\site-packages\asyncpg\connect_utils.py", line 752, in _create_ssl_connection
    do_ssl_upgrade = await pr.on_data
asyncio.exceptions.CancelledError

During handling of the above exception, another exception occurred:

Traceback (most recent call last):
  File "C:\app\hustle2026\backend\app\services\arbitrage_opportunity_service.py", line 29, in extract_opportunities
    result = await db.execute(select(StrategyConfig))
  File "C:\Python39\lib\site-packages\sqlalchemy\ext\asyncio\session.py", line 455, in execute
    result = await greenlet_spawn(
  File "C:\Python39\lib\site-packages\sqlalchemy\util\_concurrency_py3k.py", line 200, in greenlet_spawn
    result = context.throw(*sys.exc_info())
  File "C:\Python39\lib\site-packages\sqlalchemy\orm\session.py", line 2308, in execute
    return self._execute_internal(
  File "C:\Python39\lib\site-packages\sqlalchemy\orm\session.py", line 2180, in _execute_internal
    conn = self._connection_for_bind(bind)
  File "C:\Python39\lib\site-packages\sqlalchemy\orm\session.py", line 2047, in _connection_for_bind
    return trans._connection_for_bind(engine, execution_options)
  File "<string>", line 2, in _connection_for_bind
  File "C:\Python39\lib\site-packages\sqlalchemy\orm\state_changes.py", line 139, in _go
    ret_value = fn(self, *arg, **kw)
  File "C:\Python39\lib\site-packages\sqlalchemy\orm\session.py", line 1143, in _connection_for_bind
    conn = bind.connect()
  File "C:\Python39\lib\site-packages\sqlalchemy\engine\base.py", line 3269, in connect
    return self._connection_cls(self)
  File "C:\Python39\lib\site-packages\sqlalchemy\engine\base.py", line 145, in __init__
    self._dbapi_connection = engine.raw_connection()
  File "C:\Python39\lib\site-packages\sqlalchemy\engine\base.py", line 3293, in raw_connection
    return self.pool.connect()
  File "C:\Python39\lib\site-packages\sqlalchemy\pool\base.py", line 452, in connect
    return _ConnectionFairy._checkout(self)
  File "C:\Python39\lib\site-packages\sqlalchemy\pool\base.py", line 1269, in _checkout
    fairy = _ConnectionRecord.checkout(pool)
  File "C:\Python39\lib\site-packages\sqlalchemy\pool\base.py", line 716, in checkout
    rec = pool._do_get()
  File "C:\Python39\lib\site-packages\sqlalchemy\pool\impl.py", line 170, in _do_get
    self._dec_overflow()
  File "C:\Python39\lib\site-packages\sqlalchemy\util\langhelpers.py", line 146, in __exit__
    raise exc_value.with_traceback(exc_tb)
  File "C:\Python39\lib\site-packages\sqlalchemy\pool\impl.py", line 167, in _do_get
    return self._create_connection()
  File "C:\Python39\lib\site-packages\sqlalchemy\pool\base.py", line 393, in _create_connection
    return _ConnectionRecord(self)
  File "C:\Python39\lib\site-packages\sqlalchemy\pool\base.py", line 678, in __init__
    self.__connect()
  File "C:\Python39\lib\site-packages\sqlalchemy\pool\base.py", line 903, in __connect
    pool.logger.debug("Error on connect(): %s", e)
  File "C:\Python39\lib\site-packages\sqlalchemy\util\langhelpers.py", line 146, in __exit__
    raise exc_value.with_traceback(exc_tb)
  File "C:\Python39\lib\site-packages\sqlalchemy\pool\base.py", line 898, in __connect
    self.dbapi_connection = connection = pool._invoke_creator(self)
  File "C:\Python39\lib\site-packages\sqlalchemy\engine\create.py", line 645, in connect
    return dialect.connect(*cargs, **cparams)
  File "C:\Python39\lib\site-packages\sqlalchemy\engine\default.py", line 616, in connect
    return self.loaded_dbapi.connect(*cargs, **cparams)
  File "C:\Python39\lib\site-packages\sqlalchemy\dialects\postgresql\asyncpg.py", line 941, in connect
    await_only(creator_fn(*arg, **kw)),
  File "C:\Python39\lib\site-packages\sqlalchemy\util\_concurrency_py3k.py", line 130, in await_only
    return current.driver.switch(awaitable)  # type: ignore[no-any-return]
  File "C:\Python39\lib\site-packages\sqlalchemy\util\_concurrency_py3k.py", line 195, in greenlet_spawn
    value = await result
  File "C:\Python39\lib\site-packages\asyncpg\connection.py", line 2329, in connect
    return await connect_utils._connect(
  File "C:\Python39\lib\site-packages\async_timeout\__init__.py", line 141, in __aexit__
    self._do_exit(exc_type)
  File "C:\Python39\lib\site-packages\async_timeout\__init__.py", line 228, in _do_exit
    raise asyncio.TimeoutError
asyncio.exceptions.TimeoutError
Error in position monitoring: 
Error fetching Binance ticker for XAUUSDT: \u7f51\u7edc\u9519\u8bef: Connection timeout to host https://fapi.binance.com/fapi/v1/ticker/bookTicker
Binance WS disconnected (attempt #1): , reconnecting in 5s
2026-03-26 17:44:54,364 INFO sqlalchemy.engine.Engine COMMIT
Failed to get active strategies count: 
Binance WebSocket not connected (connected=False, bid=0.0, ask=0.0)
MT5 initialize failed: (-10005, 'IPC timeout')
2026-03-26 17:45:59,703 INFO sqlalchemy.engine.Engine BEGIN (implicit)
2026-03-26 17:45:59,703 INFO sqlalchemy.engine.Engine SELECT pending_orders.id, pending_orders.user_id, pending_orders.strategy_type, pending_orders.platform, pending_orders.order_id, pending_orders.symbol, pending_orders.side, pending_orders.quantity, pending_orders.price, pending_orders.order_type, pending_orders.status, pending_orders.filled_quantity, pending_orders.created_at, pending_orders.updated_at, pending_orders.expires_at, pending_orders.extra_data 
FROM pending_orders 
WHERE pending_orders.created_at > $1::TIMESTAMP WITHOUT TIME ZONE AND pending_orders.status = $2::VARCHAR ORDER BY pending_orders.created_at DESC
2026-03-26 17:45:59,703 INFO sqlalchemy.engine.Engine [generated in 0.00021s] (datetime.datetime(2026, 3, 26, 16, 43, 48, 65632), 'PENDING')
Error in market data stream: Binance WebSocket not available, please wait for connection
Traceback (most recent call last):
  File "C:\app\hustle2026\backend\app\tasks\market_data.py", line 117, in _stream_loop
    spread_data = await market_data_service.get_current_spread(
  File "C:\app\hustle2026\backend\app\services\market_service.py", line 147, in get_current_spread
    binance_quote, bybit_quote = await asyncio.gather(
  File "C:\app\hustle2026\backend\app\services\market_service.py", line 60, in get_binance_quote
    raise Exception(f"Binance WebSocket not available, please wait for connection")
Exception: Binance WebSocket not available, please wait for connection
Database session error: [WinError 10038] An operation was attempted on something that is not a socket
Error in risk metrics stream: [WinError 10038] An operation was attempted on something that is not a socket
Traceback (most recent call last):
  File "C:\app\hustle2026\backend\app\tasks\broadcast_tasks.py", line 307, in _stream_loop
    result = await asyncio.wait_for(
  File "C:\Python39\lib\asyncio\tasks.py", line 479, in wait_for
    return fut.result()
  File "C:\Python39\lib\site-packages\sqlalchemy\ext\asyncio\session.py", line 455, in execute
    result = await greenlet_spawn(
  File "C:\Python39\lib\site-packages\sqlalchemy\util\_concurrency_py3k.py", line 200, in greenlet_spawn
    result = context.throw(*sys.exc_info())
  File "C:\Python39\lib\site-packages\sqlalchemy\orm\session.py", line 2308, in execute
    return self._execute_internal(
  File "C:\Python39\lib\site-packages\sqlalchemy\orm\session.py", line 2180, in _execute_internal
    conn = self._connection_for_bind(bind)
  File "C:\Python39\lib\site-packages\sqlalchemy\orm\session.py", line 2047, in _connection_for_bind
    return trans._connection_for_bind(engine, execution_options)
  File "<string>", line 2, in _connection_for_bind
  File "C:\Python39\lib\site-packages\sqlalchemy\orm\state_changes.py", line 139, in _go
    ret_value = fn(self, *arg, **kw)
  File "C:\Python39\lib\site-packages\sqlalchemy\orm\session.py", line 1143, in _connection_for_bind
    conn = bind.connect()
  File "C:\Python39\lib\site-packages\sqlalchemy\engine\base.py", line 3269, in connect
    return self._connection_cls(self)
  File "C:\Python39\lib\site-packages\sqlalchemy\engine\base.py", line 145, in __init__
    self._dbapi_connection = engine.raw_connection()
  File "C:\Python39\lib\site-packages\sqlalchemy\engine\base.py", line 3293, in raw_connection
    return self.pool.connect()
  File "C:\Python39\lib\site-packages\sqlalchemy\pool\base.py", line 452, in connect
    return _ConnectionFairy._checkout(self)
  File "C:\Python39\lib\site-packages\sqlalchemy\pool\base.py", line 1269, in _checkout
    fairy = _ConnectionRecord.checkout(pool)
  File "C:\Python39\lib\site-packages\sqlalchemy\pool\base.py", line 716, in checkout
    rec = pool._do_get()
  File "C:\Python39\lib\site-packages\sqlalchemy\pool\impl.py", line 170, in _do_get
    self._dec_overflow()
  File "C:\Python39\lib\site-packages\sqlalchemy\util\langhelpers.py", line 146, in __exit__
    raise exc_value.with_traceback(exc_tb)
  File "C:\Python39\lib\site-packages\sqlalchemy\pool\impl.py", line 167, in _do_get
    return self._create_connection()
  File "C:\Python39\lib\site-packages\sqlalchemy\pool\base.py", line 393, in _create_connection
    return _ConnectionRecord(self)
  File "C:\Python39\lib\site-packages\sqlalchemy\pool\base.py", line 678, in __init__
    self.__connect()
  File "C:\Python39\lib\site-packages\sqlalchemy\pool\base.py", line 903, in __connect
    pool.logger.debug("Error on connect(): %s", e)
  File "C:\Python39\lib\site-packages\sqlalchemy\util\langhelpers.py", line 146, in __exit__
    raise exc_value.with_traceback(exc_tb)
  File "C:\Python39\lib\site-packages\sqlalchemy\pool\base.py", line 898, in __connect
    self.dbapi_connection = connection = pool._invoke_creator(self)
  File "C:\Python39\lib\site-packages\sqlalchemy\engine\create.py", line 645, in connect
    return dialect.connect(*cargs, **cparams)
  File "C:\Python39\lib\site-packages\sqlalchemy\engine\default.py", line 616, in connect
    return self.loaded_dbapi.connect(*cargs, **cparams)
  File "C:\Python39\lib\site-packages\sqlalchemy\dialects\postgresql\asyncpg.py", line 941, in connect
    await_only(creator_fn(*arg, **kw)),
  File "C:\Python39\lib\site-packages\sqlalchemy\util\_concurrency_py3k.py", line 130, in await_only
    return current.driver.switch(awaitable)  # type: ignore[no-any-return]
  File "C:\Python39\lib\site-packages\sqlalchemy\util\_concurrency_py3k.py", line 195, in greenlet_spawn
    value = await result
  File "C:\Python39\lib\site-packages\asyncpg\connection.py", line 2329, in connect
    return await connect_utils._connect(
  File "C:\Python39\lib\site-packages\asyncpg\connect_utils.py", line 1017, in _connect
    raise last_error or exceptions.TargetServerAttributeNotMatched(
  File "C:\Python39\lib\site-packages\asyncpg\connect_utils.py", line 991, in _connect
    conn = await _connect_addr(
  File "C:\Python39\lib\site-packages\asyncpg\connect_utils.py", line 828, in _connect_addr
    return await __connect_addr(params, True, *args)
  File "C:\Python39\lib\site-packages\asyncpg\connect_utils.py", line 873, in __connect_addr
    tr, pr = await connector
  File "C:\Python39\lib\site-packages\asyncpg\connect_utils.py", line 770, in _create_ssl_connection
    pg_proto.connection_made(new_tr)
  File "asyncpg\protocol\protocol.pyx", line 984, in asyncpg.protocol.protocol.BaseProtocol.connection_made
  File "C:\Python39\lib\asyncio\trsock.py", line 82, in setsockopt
    self._sock.setsockopt(*args, **kwargs)
OSError: [WinError 10038] An operation was attempted on something that is not a socket
2026-03-26 17:45:59,750 INFO sqlalchemy.engine.Engine BEGIN (implicit)
2026-03-26 17:45:59,750 INFO sqlalchemy.engine.Engine SELECT accounts.account_id AS accounts_account_id, accounts.user_id AS accounts_user_id, accounts.platform_id AS accounts_platform_id, accounts.account_name AS accounts_account_name, accounts.api_key AS accounts_api_key, accounts.api_secret AS accounts_api_secret, accounts.passphrase AS accounts_passphrase, accounts.mt5_id AS accounts_mt5_id, accounts.mt5_server AS accounts_mt5_server, accounts.mt5_primary_pwd AS accounts_mt5_primary_pwd, accounts.is_mt5_account AS accounts_is_mt5_account, accounts.leverage AS accounts_leverage, accounts.is_default AS accounts_is_default, accounts.is_active AS accounts_is_active, accounts.create_time AS accounts_create_time, accounts.update_time AS accounts_update_time 
FROM accounts JOIN platforms ON platforms.platform_id = accounts.platform_id 
WHERE platforms.platform_name = %(platform_name_1)s AND accounts.is_active IS true 
 LIMIT %(param_1)s
2026-03-26 17:45:59,750 INFO sqlalchemy.engine.Engine [cached since 131.6s ago] {'platform_name_1': 'binance', 'param_1': 1}
2026-03-26 17:45:59,766 INFO sqlalchemy.engine.Engine SELECT accounts.account_id AS accounts_account_id, accounts.user_id AS accounts_user_id, accounts.platform_id AS accounts_platform_id, accounts.account_name AS accounts_account_name, accounts.api_key AS accounts_api_key, accounts.api_secret AS accounts_api_secret, accounts.passphrase AS accounts_passphrase, accounts.mt5_id AS accounts_mt5_id, accounts.mt5_server AS accounts_mt5_server, accounts.mt5_primary_pwd AS accounts_mt5_primary_pwd, accounts.is_mt5_account AS accounts_is_mt5_account, accounts.leverage AS accounts_leverage, accounts.is_default AS accounts_is_default, accounts.is_active AS accounts_is_active, accounts.create_time AS accounts_create_time, accounts.update_time AS accounts_update_time 
FROM accounts JOIN platforms ON platforms.platform_id = accounts.platform_id 
WHERE platforms.platform_name = %(platform_name_1)s AND accounts.is_active IS true 
 LIMIT %(param_1)s
2026-03-26 17:45:59,766 INFO sqlalchemy.engine.Engine [cached since 131.6s ago] {'platform_name_1': 'bybit', 'param_1': 1}
Database session error: 
[BinancePositionPusher] \u52a0\u8f7d\u8d26\u6237\u5931\u8d25: 
[BinancePositionPusher] \u65e0\u6d3b\u8dc3 Binance \u8d26\u6237\uff0c60s \u540e\u91cd\u8bd5
