INFO:     Started server process [2044]
INFO:     Waiting for application startup.
INFO:     Application startup complete.
ERROR:    [Errno 10048] error while attempting to bind on address ('0.0.0.0', 8000): only one usage of each socket address (protocol/network address/port) is normally permitted
INFO:     Waiting for application shutdown.
INFO:     Application shutdown complete.
INFO:     Started server process [8048]
INFO:     Waiting for application startup.
INFO:     Application startup complete.
ERROR:    [Errno 10048] error while attempting to bind on address ('0.0.0.0', 8000): only one usage of each socket address (protocol/network address/port) is normally permitted
INFO:     Waiting for application shutdown.
INFO:     Application shutdown complete.
INFO:     Started server process [8888]
INFO:     Waiting for application startup.
INFO:     Application startup complete.
ERROR:    [Errno 10048] error while attempting to bind on address ('0.0.0.0', 8000): only one usage of each socket address (protocol/network address/port) is normally permitted
INFO:     Waiting for application shutdown.
INFO:     Application shutdown complete.
INFO:     Started server process [5556]
INFO:     Waiting for application startup.
INFO:     Application startup complete.
ERROR:    [Errno 10048] error while attempting to bind on address ('0.0.0.0', 8000): only one usage of each socket address (protocol/network address/port) is normally permitted
INFO:     Waiting for application shutdown.
INFO:     Application shutdown complete.
INFO:     Started server process [6388]
INFO:     Waiting for application startup.
INFO:     Application startup complete.
ERROR:    [Errno 10048] error while attempting to bind on address ('0.0.0.0', 8000): only one usage of each socket address (protocol/network address/port) is normally permitted
INFO:     Waiting for application shutdown.
INFO:     Application shutdown complete.
