2026-04-11 15:30:22 [OK] Committed & pushed: Python后端 (1 files)
2026-04-11 15:35:22 [OK] Committed & pushed: Python后端 (1 files)
2026-04-11 15:40:20 [OK] Committed & pushed: Python后端 (1 files)
2026-04-11 15:45:28 [OK] Committed & pushed: Python后端 (1 files)
2026-04-11 15:50:22 [OK] Committed & pushed: Python后端 (1 files)
2026-04-11 15:55:21 [OK] Committed & pushed: Python后端 (1 files)
2026-04-11 16:00:10 [OK] Committed & pushed: Python后端 (1 files)
2026-04-11 16:05:23 [OK] Committed & pushed: Python后端 (1 files)
2026-04-11 16:10:10 [OK] Committed & pushed: Python后端 (1 files)
2026-04-11 16:15:23 [OK] Committed & pushed: Python后端 (1 files)
2026-04-11 16:20:51 [OK] Committed & pushed: Python后端 (1 files)
2026-04-11 16:25:11 [OK] Committed & pushed: Python后端 (1 files)
2026-04-11 16:30:59 [OK] Committed & pushed: Python后端 (1 files)
2026-04-11 16:35:11 [OK] Committed & pushed: Python后端 (1 files)
2026-04-11 16:40:47 [OK] Committed & pushed: Python后端 (1 files)
2026-04-11 16:45:11 [OK] Committed & pushed: Python后端 (2 files)
2026-04-11 16:50:51 [OK] Committed & pushed: Python后端 (1 files)
2026-04-11 16:55:29 [OK] Committed & pushed: Python后端+配置/其他 (2 files)
2026-04-11 17:01:11 [OK] Committed & pushed: Python后端+配置/其他 (3 files)
2026-04-11 17:05:23 [OK] Committed & pushed: Python后端 (1 files)
2026-04-11 17:10:21 [OK] Committed & pushed: Python后端 (1 files)
2026-04-11 17:16:10 [OK] Committed & pushed: Python后端+配置/其他 (3 files)
2026-04-11 17:20:22 [OK] Committed & pushed: Python后端 (2 files)
2026-04-11 17:25:36 [OK] Committed & pushed: Python后端 (1 files)
2026-04-11 17:30:48 [OK] Committed & pushed: Python后端 (2 files)
2026-04-11 17:35:10 [OK] Committed & pushed: Python后端 (1 files)
2026-04-11 17:40:20 [OK] Committed & pushed: Python后端 (1 files)
2026-04-11 17:45:10 [OK] Committed & pushed: Python后端 (2 files)
2026-04-11 17:50:10 [OK] Committed & pushed: Python后端 (1 files)
2026-04-11 17:55:20 [OK] Committed & pushed: Python后端 (2 files)
2026-04-11 18:00:10 [OK] Committed & pushed: Python后端 (1 files)
2026-04-11 18:05:50 [OK] Committed & pushed: Python后端 (1 files)
2026-04-11 18:10:36 [OK] Committed & pushed: Python后端+Go后端 (2 files)
2026-04-11 18:15:22 [OK] Committed & pushed: Python后端+Go后端+配置/其他 (4 files)
2026-04-11 18:20:11 [OK] Committed & pushed: Python后端+配置/其他 (2 files)
2026-04-11 18:25:21 [OK] Committed & pushed: Python后端+配置/其他 (3 files)
2026-04-11 18:30:11 [OK] Committed & pushed: Python后端 (1 files)
2026-04-11 18:35:23 [OK] Committed & pushed: Python后端 (1 files)
2026-04-11 18:40:14 [OK] Committed & pushed: Python后端 (1 files)
2026-04-11 18:45:17 [OK] Committed & pushed: Python后端 (1 files)
2026-04-11 18:50:47 [OK] Committed & pushed: Python后端 (2 files)
2026-04-11 18:56:00 [OK] Committed & pushed: Python后端 (2 files)
2026-04-11 19:00:31 [OK] Committed & pushed: Python后端 (1 files)
2026-04-11 19:05:21 [OK] Committed & pushed: Python后端 (1 files)
2026-04-11 19:10:23 [OK] Committed & pushed: Python后端 (1 files)
2026-04-11 19:15:10 [OK] Committed & pushed: Python后端 (2 files)
2026-04-11 19:20:23 [OK] Committed & pushed: Python后端 (1 files)
2026-04-11 19:25:54 [OK] Committed & pushed: Python后端 (1 files)
2026-04-11 19:30:23 [OK] Committed & pushed: Python后端+配置/其他 (2 files)
2026-04-11 19:35:10 [OK] Committed & pushed: Python后端 (1 files)
2026-04-11 19:40:21 [OK] Committed & pushed: Python后端 (1 files)
2026-04-11 19:46:10 [OK] Committed & pushed: Python后端 (1 files)
2026-04-11 19:50:10 [OK] Committed & pushed: Python后端 (1 files)
2026-04-11 19:55:09 [OK] Committed & pushed: Python后端 (1 files)
2026-04-11 20:00:11 [OK] Committed & pushed: Python后端 (1 files)
2026-04-11 20:05:11 [OK] Committed & pushed: Python后端 (1 files)
2026-04-11 20:10:29 [OK] Committed & pushed: Python后端 (1 files)
2026-04-11 20:15:06 [OK] Committed & pushed: Python后端 (2 files)
2026-04-11 20:20:51 [OK] Committed & pushed: Python后端 (1 files)
2026-04-11 20:25:11 [OK] Committed & pushed: 前端+Python后端 (2 files)
2026-04-11 20:30:11 [OK] Committed & pushed: Python后端+配置/其他 (2 files)
2026-04-11 20:35:51 [OK] Committed & pushed: Python后端+配置/其他 (2 files)
2026-04-11 20:40:21 [OK] Committed & pushed: Python后端 (1 files)
2026-04-11 20:45:26 [OK] Committed & pushed: Python后端 (1 files)
2026-04-11 20:50:11 [OK] Committed & pushed: 前端+Python后端+配置/其他 (44 files)
2026-04-11 20:55:28 [SKIP] Nothing to commit after staging
2026-04-11 21:00:28 [SKIP] Nothing to commit after staging
2026-04-11 21:05:22 [OK] Committed & pushed: Python后端 (1 files)
2026-04-11 21:10:43 [WARN] Committed but push failed (exit 1)
2026-04-11 21:30:10 [WARN] Committed but push failed (exit 1)
2026-04-11 21:55:20 [OK] Committed & pushed: 前端+Python后端 (3 files)
2026-04-11 22:01:10 [OK] Committed & pushed: 前端 (2 files)
2026-04-11 22:05:30 [OK] Committed & pushed: 前端 (2 files)
2026-04-11 22:15:23 [OK] Committed & pushed: Python后端 (1 files)
2026-04-11 23:50:05 [OK] Committed & pushed: Python后端 (3 files)
2026-04-12 00:05:07 [OK] Committed & pushed: Python后端 (108 files)
2026-04-12 00:10:11 [OK] Committed & pushed: Python后端 (252 files)
2026-04-12 00:15:10 [OK] Committed & pushed: 前端 (3 files)
2026-04-12 02:45:22 [OK] Committed & pushed: Python后端 (4 files)
2026-04-12 03:40:06 [OK] Committed & pushed: Python后端 (4 files)
2026-04-12 03:46:11 [OK] Committed & pushed: Python后端 (1 files)
2026-04-12 04:15:06 [OK] Committed & pushed: Python后端 (4 files)
2026-04-12 04:20:05 [OK] Committed & pushed: Python后端 (1 files)
2026-04-12 05:30:46 [OK] Committed & pushed: Python后端 (4 files)
2026-04-12 06:00:43 [OK] Committed & pushed: Python后端 (5 files)
2026-04-12 07:10:55 [OK] Committed & pushed: 前端 (1 files)
2026-04-12 07:50:23 [OK] Committed & pushed: 前端+Python后端 (2 files)
2026-04-12 08:00:10 [OK] Committed & pushed: 前端 (8 files)
2026-04-12 08:05:20 [OK] Committed & pushed: 前端 (25 files)
2026-04-12 08:35:23 [OK] Committed & pushed: 前端 (1 files)
2026-04-12 09:15:27 [OK] Committed & pushed: 前端+Python后端 (51 files)
2026-04-12 10:50:11 [OK] Committed & pushed: 前端+Python后端 (19 files)
2026-04-12 11:00:22 [OK] Committed & pushed: 前端 (1 files)
2026-04-12 11:50:22 [OK] Committed & pushed: Python后端 (1 files)
2026-04-12 12:31:02 [OK] Committed & pushed: 前端 (12 files)
2026-04-12 12:40:21 [OK] Committed & pushed: 前端+Python后端 (13 files)
2026-04-12 13:20:22 [OK] Committed & pushed: Python后端 (2 files)
2026-04-12 14:50:18 [OK] Committed & pushed: Python后端 (2 files)
2026-04-12 15:10:43 [OK] Committed & pushed: Python后端 (2 files)
2026-04-12 15:15:57 [OK] Committed & pushed: 前端 (12 files)
2026-04-12 15:40:10 [OK] Committed & pushed: Python后端 (3 files)
2026-04-12 15:45:02 [OK] Committed & pushed: 前端 (12 files)
2026-04-12 15:50:22 [OK] Committed & pushed: Python后端 (1 files)
2026-04-12 15:55:10 [OK] Committed & pushed: 前端 (12 files)
2026-04-12 16:10:20 [OK] Committed & pushed: Python后端 (2 files)
2026-04-12 16:15:23 [OK] Committed & pushed: 前端 (12 files)
2026-04-12 16:30:23 [OK] Committed & pushed: 前端 (12 files)
2026-04-12 16:50:51 [OK] Committed & pushed: 前端 (12 files)
2026-04-12 17:15:23 [OK] Committed & pushed: 前端 (12 files)
2026-04-12 17:25:41 [OK] Committed & pushed: Python后端 (3 files)
2026-04-12 17:45:11 [OK] Committed & pushed: Python后端 (1 files)
2026-04-12 18:30:22 [OK] Committed & pushed: Python后端 (2 files)
2026-04-12 18:40:20 [OK] Committed & pushed: 前端+Python后端 (13 files)
2026-04-13 03:41:12 [OK] Committed & pushed: 前端 (1 files)
2026-04-13 06:10:21 [OK] Committed & pushed: Python后端 (1 files)
2026-04-13 07:40:20 [OK] Committed & pushed: 前端+Python后端 (4 files)
2026-04-13 08:00:21 [OK] Committed & pushed: Python后端 (1 files)
2026-04-13 08:35:10 [OK] Committed & pushed: Python后端 (1 files)
2026-04-13 09:11:12 [OK] Committed & pushed: 前端 (1 files)
2026-04-13 09:35:10 [OK] Committed & pushed: Python后端 (1 files)
2026-04-13 10:30:22 [OK] Committed & pushed: Python后端 (2 files)
2026-04-13 17:05:23 [OK] Committed & pushed: 前端+Python后端 (3 files)
2026-04-13 17:10:20 [OK] Committed & pushed: 前端 (37 files)
2026-04-13 17:25:32 [OK] Committed & pushed: 前端 (13 files)
2026-04-13 17:40:21 [OK] Committed & pushed: 前端 (14 files)
2026-04-13 17:45:23 [OK] Committed & pushed: 前端 (13 files)
2026-04-13 17:50:16 [OK] Committed & pushed: 前端 (13 files)
2026-04-13 18:01:01 [OK] Committed & pushed: 前端 (2 files)
2026-04-13 18:05:23 [OK] Committed & pushed: 前端 (14 files)
2026-04-13 18:20:23 [OK] Committed & pushed: 前端 (13 files)
2026-04-13 18:30:23 [OK] Committed & pushed: 前端 (14 files)
2026-04-13 18:35:17 [OK] Committed & pushed: 前端 (17 files)
2026-04-13 18:50:11 [OK] Committed & pushed: 前端 (1 files)
2026-04-13 19:00:09 [OK] Committed & pushed: 前端+Python后端 (3 files)
2026-04-13 19:05:20 [OK] Committed & pushed: 前端+Python后端 (13 files)
2026-04-13 19:10:10 [OK] Committed & pushed: Python后端 (1 files)
2026-04-13 19:35:11 [OK] Committed & pushed: 前端+配置/其他 (15 files)
2026-04-13 19:40:20 [OK] Committed & pushed: 配置/其他 (1 files)
2026-04-13 19:46:01 [OK] Committed & pushed: Python后端+配置/其他 (3 files)
2026-04-13 20:00:13 [OK] Committed & pushed: 前端+Python后端 (14 files)
2026-04-13 20:05:23 [OK] Committed & pushed: 前端+配置/其他 (14 files)
2026-04-13 20:20:23 [OK] Committed & pushed: 前端 (13 files)
2026-04-14 09:15:10 [OK] Committed & pushed: 前端 (3 files)
2026-04-14 09:20:10 [OK] Committed & pushed: 前端 (8 files)
2026-04-14 09:25:10 [OK] Committed & pushed: 前端 (42 files)
2026-04-15 12:55:20 [OK] Committed & pushed: 前端 (1 files)
2026-04-15 13:00:22 [OK] Committed & pushed: 前端 (1 files)
2026-04-15 13:35:22 [OK] Committed & pushed: 前端 (3 files)
2026-04-15 14:05:50 [OK] Committed & pushed: 前端 (3 files)
2026-04-15 15:00:11 [OK] Committed & pushed: 前端+Python后端 (14 files)
2026-04-15 15:25:23 [OK] Committed & pushed: 前端+Python后端 (3 files)
2026-04-15 15:45:11 [OK] Committed & pushed: 前端 (16 files)
2026-04-15 16:26:16 [OK] Committed & pushed: 前端 (5 files)
2026-04-15 16:30:22 [OK] Committed & pushed: 前端 (1 files)
2026-04-15 16:35:22 [OK] Committed & pushed: 前端 (1 files)
2026-04-15 17:00:10 [OK] Committed & pushed: 前端+Python后端 (3 files)
2026-04-15 17:05:10 [OK] Committed & pushed: 前端 (1 files)
2026-04-15 17:10:24 [OK] Committed & pushed: 前端 (2 files)
2026-04-15 17:15:33 [OK] Committed & pushed: 前端 (1 files)
2026-04-15 17:20:50 [OK] Committed & pushed: 前端 (2 files)
2026-04-15 17:50:10 [OK] Committed & pushed: Python后端 (2 files)
2026-04-15 17:55:04 [OK] Committed & pushed: Python后端 (1 files)
2026-04-15 18:00:18 [OK] Committed & pushed: Python后端 (1 files)
2026-04-15 18:10:53 [OK] Committed & pushed: Python后端 (1 files)
2026-04-15 18:15:10 [OK] Committed & pushed: Python后端 (1 files)
2026-04-15 18:20:23 [OK] Committed & pushed: Python后端 (1 files)
2026-04-15 18:30:06 [OK] Committed & pushed: Python后端 (1 files)
2026-04-15 18:50:22 [OK] Committed & pushed: 前端 (1 files)
2026-04-15 19:15:39 [OK] Committed & pushed: 前端+Python后端 (15 files)
2026-04-15 19:30:22 [OK] Committed & pushed: 前端+Python后端 (3 files)
2026-04-15 19:46:20 [OK] Committed & pushed: 前端+Python后端 (2 files)
2026-04-15 20:01:11 [OK] Committed & pushed: 前端+Python后端 (3 files)
2026-04-15 20:46:12 [OK] Committed & pushed: 前端 (18 files)
2026-04-15 21:00:11 [OK] Committed & pushed: 前端 (5 files)
2026-04-15 21:16:21 [OK] Committed & pushed: 前端 (9 files)
2026-04-15 22:01:12 [OK] Committed & pushed: 前端 (16 files)
