2026-02-10 00:40:35,656 - INFO - 币安连接成功
2026-02-10 00:40:39,421 - INFO - Bybit连接成功
2026-02-10 00:40:39,423 - INFO - Hustle XAU点差对冲搬砖系统启动
2026-02-10 00:40:39,537 - ERROR - 获取币安价格失败: float() argument must be a string or a number, not 'NoneType'
2026-02-10 00:40:39,538 - ERROR - 获取Bybit价格失败: bybit does not have market symbol XAUUSD+
2026-02-10 00:40:39,538 - WARNING - 无法获取价格数据，跳过点差计算
2026-02-10 00:40:44,669 - ERROR - 获取币安价格失败: float() argument must be a string or a number, not 'NoneType'
2026-02-10 00:40:44,669 - ERROR - 获取Bybit价格失败: bybit does not have market symbol XAUUSD+
2026-02-10 00:40:44,669 - WARNING - 无法获取价格数据，跳过点差计算
2026-02-10 00:40:49,783 - ERROR - 获取币安价格失败: float() argument must be a string or a number, not 'NoneType'
2026-02-10 00:40:49,783 - ERROR - 获取Bybit价格失败: bybit does not have market symbol XAUUSD+
2026-02-10 00:40:49,784 - WARNING - 无法获取价格数据，跳过点差计算
2026-02-10 00:40:54,902 - ERROR - 获取币安价格失败: float() argument must be a string or a number, not 'NoneType'
2026-02-10 00:40:54,903 - ERROR - 获取Bybit价格失败: bybit does not have market symbol XAUUSD+
2026-02-10 00:40:54,903 - WARNING - 无法获取价格数据，跳过点差计算
2026-02-10 00:41:00,026 - ERROR - 获取币安价格失败: float() argument must be a string or a number, not 'NoneType'
2026-02-10 00:41:00,026 - ERROR - 获取Bybit价格失败: bybit does not have market symbol XAUUSD+
2026-02-10 00:41:00,026 - WARNING - 无法获取价格数据，跳过点差计算
2026-02-10 00:41:05,141 - ERROR - 获取币安价格失败: float() argument must be a string or a number, not 'NoneType'
2026-02-10 00:41:05,141 - ERROR - 获取Bybit价格失败: bybit does not have market symbol XAUUSD+
2026-02-10 00:41:05,141 - WARNING - 无法获取价格数据，跳过点差计算
2026-02-10 00:41:10,253 - ERROR - 获取币安价格失败: float() argument must be a string or a number, not 'NoneType'
2026-02-10 00:41:10,253 - ERROR - 获取Bybit价格失败: bybit does not have market symbol XAUUSD+
2026-02-10 00:41:10,254 - WARNING - 无法获取价格数据，跳过点差计算
2026-02-10 00:41:22,677 - INFO - 币安连接成功
2026-02-10 00:41:25,031 - INFO - Bybit连接成功
2026-02-10 00:41:25,033 - INFO - Hustle XAU点差对冲搬砖系统启动
2026-02-10 00:41:25,142 - ERROR - 币安价格数据无效: {'symbol': 'XAU/USDT:USDT', 'timestamp': 1770655280821, 'datetime': '2026-02-09T16:41:20.821Z', 'high': 5077.99, 'low': 4963.0, 'bid': None, 'bidVolume': None, 'ask': None, 'askVolume': None, 'vwap': 5014.69, 'open': 4978.47, 'close': 5072.58, 'last': 5072.58, 'previousClose': None, 'change': 94.11, 'percentage': 1.89, 'average': 5025.52, 'baseVolume': 262343.097, 'quoteVolume': 1315568064.5, 'markPrice': None, 'indexPrice': None, 'info': {'symbol': 'XAUUSDT', 'priceChange': '94.11', 'priceChangePercent': '1.890', 'weightedAvgPrice': '5014.69', 'lastPrice': '5072.58', 'lastQty': '0.020', 'openPrice': '4978.47', 'highPrice': '5077.99', 'lowPrice': '4963.00', 'volume': '262343.097', 'quoteVolume': '1315568064.50', 'openTime': '1770568860000', 'closeTime': '1770655280821', 'firstId': '17093780', 'lastId': '18082002', 'count': '984606'}}
2026-02-10 00:41:25,142 - ERROR - 无法获取Bybit价格，所有符号尝试失败
2026-02-10 00:41:25,143 - WARNING - 无法获取价格数据，跳过点差计算
2026-02-10 00:41:30,260 - ERROR - 币安价格数据无效: {'symbol': 'XAU/USDT:USDT', 'timestamp': 1770655284794, 'datetime': '2026-02-09T16:41:24.794Z', 'high': 5077.99, 'low': 4963.0, 'bid': None, 'bidVolume': None, 'ask': None, 'askVolume': None, 'vwap': 5014.69, 'open': 4978.47, 'close': 5072.44, 'last': 5072.44, 'previousClose': None, 'change': 93.97, 'percentage': 1.888, 'average': 5025.45, 'baseVolume': 262345.151, 'quoteVolume': 1315578483.45, 'markPrice': None, 'indexPrice': None, 'info': {'symbol': 'XAUUSDT', 'priceChange': '93.97', 'priceChangePercent': '1.888', 'weightedAvgPrice': '5014.69', 'lastPrice': '5072.44', 'lastQty': '0.153', 'openPrice': '4978.47', 'highPrice': '5077.99', 'lowPrice': '4963.00', 'volume': '262345.151', 'quoteVolume': '1315578483.45', 'openTime': '1770568860000', 'closeTime': '1770655284794', 'firstId': '17093780', 'lastId': '18082028', 'count': '984632'}}
2026-02-10 00:41:30,261 - ERROR - 无法获取Bybit价格，所有符号尝试失败
2026-02-10 00:41:30,261 - WARNING - 无法获取价格数据，跳过点差计算
2026-02-10 00:41:35,385 - ERROR - 币安价格数据无效: {'symbol': 'XAU/USDT:USDT', 'timestamp': 1770655291170, 'datetime': '2026-02-09T16:41:31.170Z', 'high': 5077.99, 'low': 4963.0, 'bid': None, 'bidVolume': None, 'ask': None, 'askVolume': None, 'vwap': 5014.69, 'open': 4978.47, 'close': 5071.76, 'last': 5071.76, 'previousClose': None, 'change': 93.29, 'percentage': 1.874, 'average': 5025.11, 'baseVolume': 262347.246, 'quoteVolume': 1315589109.55, 'markPrice': None, 'indexPrice': None, 'info': {'symbol': 'XAUUSDT', 'priceChange': '93.29', 'priceChangePercent': '1.874', 'weightedAvgPrice': '5014.69', 'lastPrice': '5071.76', 'lastQty': '0.197', 'openPrice': '4978.47', 'highPrice': '5077.99', 'lowPrice': '4963.00', 'volume': '262347.246', 'quoteVolume': '1315589109.55', 'openTime': '1770568860000', 'closeTime': '1770655291170', 'firstId': '17093780', 'lastId': '18082054', 'count': '984656'}}
2026-02-10 00:41:35,385 - ERROR - 无法获取Bybit价格，所有符号尝试失败
2026-02-10 00:41:35,385 - WARNING - 无法获取价格数据，跳过点差计算
2026-02-10 00:41:40,509 - ERROR - 币安价格数据无效: {'symbol': 'XAU/USDT:USDT', 'timestamp': 1770655295796, 'datetime': '2026-02-09T16:41:35.796Z', 'high': 5077.99, 'low': 4963.0, 'bid': None, 'bidVolume': None, 'ask': None, 'askVolume': None, 'vwap': 5014.69, 'open': 4978.47, 'close': 5071.61, 'last': 5071.61, 'previousClose': None, 'change': 93.14, 'percentage': 1.871, 'average': 5025.04, 'baseVolume': 262352.744, 'quoteVolume': 1315616993.26, 'markPrice': None, 'indexPrice': None, 'info': {'symbol': 'XAUUSDT', 'priceChange': '93.14', 'priceChangePercent': '1.871', 'weightedAvgPrice': '5014.69', 'lastPrice': '5071.61', 'lastQty': '0.014', 'openPrice': '4978.47', 'highPrice': '5077.99', 'lowPrice': '4963.00', 'volume': '262352.744', 'quoteVolume': '1315616993.26', 'openTime': '1770568860000', 'closeTime': '1770655295796', 'firstId': '17093780', 'lastId': '18082086', 'count': '984687'}}
2026-02-10 00:41:40,509 - ERROR - 无法获取Bybit价格，所有符号尝试失败
2026-02-10 00:41:40,510 - WARNING - 无法获取价格数据，跳过点差计算
2026-02-10 00:41:45,661 - ERROR - 币安价格数据无效: {'symbol': 'XAU/USDT:USDT', 'timestamp': 1770655302853, 'datetime': '2026-02-09T16:41:42.853Z', 'high': 5077.99, 'low': 4963.0, 'bid': None, 'bidVolume': None, 'ask': None, 'askVolume': None, 'vwap': 5014.69, 'open': 4978.47, 'close': 5071.41, 'last': 5071.41, 'previousClose': None, 'change': 92.94, 'percentage': 1.867, 'average': 5024.94, 'baseVolume': 262355.154, 'quoteVolume': 1315629215.93, 'markPrice': None, 'indexPrice': None, 'info': {'symbol': 'XAUUSDT', 'priceChange': '92.94', 'priceChangePercent': '1.867', 'weightedAvgPrice': '5014.69', 'lastPrice': '5071.41', 'lastQty': '0.417', 'openPrice': '4978.47', 'highPrice': '5077.99', 'lowPrice': '4963.00', 'volume': '262355.154', 'quoteVolume': '1315629215.93', 'openTime': '1770568860000', 'closeTime': '1770655302853', 'firstId': '17093780', 'lastId': '18082132', 'count': '984733'}}
2026-02-10 00:41:45,661 - ERROR - 无法获取Bybit价格，所有符号尝试失败
2026-02-10 00:41:45,662 - WARNING - 无法获取价格数据，跳过点差计算
2026-02-10 00:41:50,779 - ERROR - 币安价格数据无效: {'symbol': 'XAU/USDT:USDT', 'timestamp': 1770655305878, 'datetime': '2026-02-09T16:41:45.878Z', 'high': 5077.99, 'low': 4963.0, 'bid': None, 'bidVolume': None, 'ask': None, 'askVolume': None, 'vwap': 5014.69, 'open': 4978.47, 'close': 5071.4, 'last': 5071.4, 'previousClose': None, 'change': 92.93, 'percentage': 1.867, 'average': 5024.93, 'baseVolume': 262355.157, 'quoteVolume': 1315629231.14, 'markPrice': None, 'indexPrice': None, 'info': {'symbol': 'XAUUSDT', 'priceChange': '92.93', 'priceChangePercent': '1.867', 'weightedAvgPrice': '5014.69', 'lastPrice': '5071.40', 'lastQty': '0.002', 'openPrice': '4978.47', 'highPrice': '5077.99', 'lowPrice': '4963.00', 'volume': '262355.157', 'quoteVolume': '1315629231.14', 'openTime': '1770568860000', 'closeTime': '1770655305878', 'firstId': '17093780', 'lastId': '18082134', 'count': '984735'}}
2026-02-10 00:41:50,779 - ERROR - 无法获取Bybit价格，所有符号尝试失败
2026-02-10 00:41:50,780 - WARNING - 无法获取价格数据，跳过点差计算
2026-02-10 00:41:55,890 - ERROR - 币安价格数据无效: {'symbol': 'XAU/USDT:USDT', 'timestamp': 1770655311474, 'datetime': '2026-02-09T16:41:51.474Z', 'high': 5077.99, 'low': 4963.0, 'bid': None, 'bidVolume': None, 'ask': None, 'askVolume': None, 'vwap': 5014.69, 'open': 4978.47, 'close': 5071.87, 'last': 5071.87, 'previousClose': None, 'change': 93.4, 'percentage': 1.876, 'average': 5025.17, 'baseVolume': 262362.124, 'quoteVolume': 1315664566.64, 'markPrice': None, 'indexPrice': None, 'info': {'symbol': 'XAUUSDT', 'priceChange': '93.40', 'priceChangePercent': '1.876', 'weightedAvgPrice': '5014.69', 'lastPrice': '5071.87', 'lastQty': '0.307', 'openPrice': '4978.47', 'highPrice': '5077.99', 'lowPrice': '4963.00', 'volume': '262362.124', 'quoteVolume': '1315664566.64', 'openTime': '1770568860000', 'closeTime': '1770655311474', 'firstId': '17093780', 'lastId': '18082164', 'count': '984765'}}
2026-02-10 00:41:55,890 - ERROR - 无法获取Bybit价格，所有符号尝试失败
2026-02-10 00:41:55,890 - WARNING - 无法获取价格数据，跳过点差计算
2026-02-10 00:42:01,010 - ERROR - 币安价格数据无效: {'symbol': 'XAU/USDT:USDT', 'timestamp': 1770655313641, 'datetime': '2026-02-09T16:41:53.641Z', 'high': 5077.99, 'low': 4963.0, 'bid': None, 'bidVolume': None, 'ask': None, 'askVolume': None, 'vwap': 5014.69, 'open': 4978.47, 'close': 5071.87, 'last': 5071.87, 'previousClose': None, 'change': 93.4, 'percentage': 1.876, 'average': 5025.17, 'baseVolume': 262362.421, 'quoteVolume': 1315666072.99, 'markPrice': None, 'indexPrice': None, 'info': {'symbol': 'XAUUSDT', 'priceChange': '93.40', 'priceChangePercent': '1.876', 'weightedAvgPrice': '5014.69', 'lastPrice': '5071.87', 'lastQty': '0.022', 'openPrice': '4978.47', 'highPrice': '5077.99', 'lowPrice': '4963.00', 'volume': '262362.421', 'quoteVolume': '1315666072.99', 'openTime': '1770568860000', 'closeTime': '1770655313641', 'firstId': '17093780', 'lastId': '18082169', 'count': '984770'}}
2026-02-10 00:42:01,010 - ERROR - 无法获取Bybit价格，所有符号尝试失败
2026-02-10 00:42:01,011 - WARNING - 无法获取价格数据，跳过点差计算
2026-02-10 00:42:12,989 - INFO - 币安连接成功
2026-02-10 00:42:15,709 - INFO - Bybit连接成功
2026-02-10 00:42:15,710 - INFO - Hustle XAU点差对冲搬砖系统启动
2026-02-10 00:42:17,493 - INFO - Bybit支持的XAU市场: ['XAUT/USDT', 'XAUT/USDC:USDC', 'XAUT/USDT:USDT']
2026-02-10 00:42:17,494 - ERROR - 无法获取Bybit价格，所有符号尝试失败
2026-02-10 00:42:17,501 - WARNING - 无法获取价格数据，跳过点差计算
2026-02-10 00:42:24,753 - INFO - Bybit支持的XAU市场: ['XAUT/USDT', 'XAUT/USDC:USDC', 'XAUT/USDT:USDT']
2026-02-10 00:42:24,753 - ERROR - 无法获取Bybit价格，所有符号尝试失败
2026-02-10 00:42:24,759 - WARNING - 无法获取价格数据，跳过点差计算
2026-02-10 00:42:31,758 - INFO - Bybit支持的XAU市场: ['XAUT/USDT', 'XAUT/USDC:USDC', 'XAUT/USDT:USDT']
2026-02-10 00:42:31,758 - ERROR - 无法获取Bybit价格，所有符号尝试失败
2026-02-10 00:42:31,764 - WARNING - 无法获取价格数据，跳过点差计算
2026-02-10 00:42:38,536 - INFO - Bybit支持的XAU市场: ['XAUT/USDT', 'XAUT/USDC:USDC', 'XAUT/USDT:USDT']
2026-02-10 00:42:38,536 - ERROR - 无法获取Bybit价格，所有符号尝试失败
2026-02-10 00:42:38,541 - WARNING - 无法获取价格数据，跳过点差计算
2026-02-10 00:42:45,275 - INFO - Bybit支持的XAU市场: ['XAUT/USDT', 'XAUT/USDC:USDC', 'XAUT/USDT:USDT']
2026-02-10 00:42:45,275 - ERROR - 无法获取Bybit价格，所有符号尝试失败
2026-02-10 00:42:45,280 - WARNING - 无法获取价格数据，跳过点差计算
2026-02-10 00:42:51,932 - INFO - Bybit支持的XAU市场: ['XAUT/USDT', 'XAUT/USDC:USDC', 'XAUT/USDT:USDT']
2026-02-10 00:42:51,932 - ERROR - 无法获取Bybit价格，所有符号尝试失败
2026-02-10 00:42:51,938 - WARNING - 无法获取价格数据，跳过点差计算
2026-02-10 00:42:58,704 - INFO - Bybit支持的XAU市场: ['XAUT/USDT', 'XAUT/USDC:USDC', 'XAUT/USDT:USDT']
2026-02-10 00:42:58,704 - ERROR - 无法获取Bybit价格，所有符号尝试失败
2026-02-10 00:42:58,710 - WARNING - 无法获取价格数据，跳过点差计算
2026-02-10 00:43:05,605 - INFO - Bybit支持的XAU市场: ['XAUT/USDT', 'XAUT/USDC:USDC', 'XAUT/USDT:USDT']
2026-02-10 00:43:05,605 - ERROR - 无法获取Bybit价格，所有符号尝试失败
2026-02-10 00:43:05,610 - WARNING - 无法获取价格数据，跳过点差计算
2026-02-10 00:43:13,212 - INFO - Bybit支持的XAU市场: ['XAUT/USDT', 'XAUT/USDC:USDC', 'XAUT/USDT:USDT']
2026-02-10 00:43:13,214 - ERROR - 无法获取Bybit价格，所有符号尝试失败
2026-02-10 00:43:13,219 - WARNING - 无法获取价格数据，跳过点差计算
2026-02-10 00:43:20,512 - INFO - Bybit支持的XAU市场: ['XAUT/USDT', 'XAUT/USDC:USDC', 'XAUT/USDT:USDT']
2026-02-10 00:43:20,512 - ERROR - 无法获取Bybit价格，所有符号尝试失败
2026-02-10 00:43:20,517 - WARNING - 无法获取价格数据，跳过点差计算
2026-02-10 00:43:30,043 - INFO - 币安连接成功
2026-02-10 00:43:32,984 - INFO - Bybit连接成功
2026-02-10 00:43:32,984 - INFO - Hustle XAU点差对冲搬砖系统启动
2026-02-10 00:43:33,282 - INFO - 使用Bybit符号 XAUT/USDT 获取价格成功
2026-02-10 00:43:33,283 - INFO - 点差计算: 币安=5074.80, Bybit=5057.15, 点差=17.65 (0.3490%)
2026-02-10 00:43:33,283 - INFO - 点差满足条件，准备入场
2026-02-10 00:43:33,283 - ERROR - 币安下单失败: create_order() got an unexpected keyword argument 'quantity'
2026-02-10 00:43:33,283 - ERROR - Bybit下单失败: create_order() got an unexpected keyword argument 'quantity'
2026-02-10 00:43:33,283 - ERROR - 套利入场失败，取消所有订单
2026-02-10 00:43:38,524 - INFO - 使用Bybit符号 XAUT/USDT 获取价格成功
2026-02-10 00:43:38,524 - INFO - 点差计算: 币安=5074.67, Bybit=5058.35, 点差=16.32 (0.3226%)
2026-02-10 00:43:38,524 - INFO - 点差满足条件，准备入场
2026-02-10 00:43:38,524 - ERROR - 币安下单失败: create_order() got an unexpected keyword argument 'quantity'
2026-02-10 00:43:38,524 - ERROR - Bybit下单失败: create_order() got an unexpected keyword argument 'quantity'
2026-02-10 00:43:38,524 - ERROR - 套利入场失败，取消所有订单
2026-02-10 00:43:43,754 - INFO - 使用Bybit符号 XAUT/USDT 获取价格成功
2026-02-10 00:43:43,755 - INFO - 点差计算: 币安=5075.79, Bybit=5058.95, 点差=16.84 (0.3329%)
2026-02-10 00:43:43,755 - INFO - 点差满足条件，准备入场
2026-02-10 00:43:43,755 - ERROR - 币安下单失败: create_order() got an unexpected keyword argument 'quantity'
2026-02-10 00:43:43,756 - ERROR - Bybit下单失败: create_order() got an unexpected keyword argument 'quantity'
2026-02-10 00:43:43,756 - ERROR - 套利入场失败，取消所有订单
2026-02-10 00:43:48,999 - INFO - 使用Bybit符号 XAUT/USDT 获取价格成功
2026-02-10 00:43:48,999 - INFO - 点差计算: 币安=5076.39, Bybit=5058.95, 点差=17.44 (0.3447%)
2026-02-10 00:43:48,999 - INFO - 点差满足条件，准备入场
2026-02-10 00:43:48,999 - ERROR - 币安下单失败: create_order() got an unexpected keyword argument 'quantity'
2026-02-10 00:43:49,000 - ERROR - Bybit下单失败: create_order() got an unexpected keyword argument 'quantity'
2026-02-10 00:43:49,000 - ERROR - 套利入场失败，取消所有订单
2026-02-10 00:43:54,247 - INFO - 使用Bybit符号 XAUT/USDT 获取价格成功
2026-02-10 00:43:54,247 - INFO - 点差计算: 币安=5076.39, Bybit=5058.75, 点差=17.64 (0.3487%)
2026-02-10 00:43:54,248 - INFO - 点差满足条件，准备入场
2026-02-10 00:43:54,248 - ERROR - 币安下单失败: create_order() got an unexpected keyword argument 'quantity'
2026-02-10 00:43:54,249 - ERROR - Bybit下单失败: create_order() got an unexpected keyword argument 'quantity'
2026-02-10 00:43:54,249 - ERROR - 套利入场失败，取消所有订单
2026-02-10 00:43:59,482 - INFO - 使用Bybit符号 XAUT/USDT 获取价格成功
2026-02-10 00:43:59,483 - INFO - 点差计算: 币安=5075.89, Bybit=5058.95, 点差=16.94 (0.3349%)
2026-02-10 00:43:59,483 - INFO - 点差满足条件，准备入场
2026-02-10 00:43:59,483 - ERROR - 币安下单失败: create_order() got an unexpected keyword argument 'quantity'
2026-02-10 00:43:59,483 - ERROR - Bybit下单失败: create_order() got an unexpected keyword argument 'quantity'
2026-02-10 00:43:59,484 - ERROR - 套利入场失败，取消所有订单
2026-02-10 00:44:04,725 - INFO - 使用Bybit符号 XAUT/USDT 获取价格成功
2026-02-10 00:44:04,726 - INFO - 点差计算: 币安=5077.14, Bybit=5059.55, 点差=17.59 (0.3477%)
2026-02-10 00:44:04,726 - INFO - 点差满足条件，准备入场
2026-02-10 00:44:04,726 - ERROR - 币安下单失败: create_order() got an unexpected keyword argument 'quantity'
2026-02-10 00:44:04,727 - ERROR - Bybit下单失败: create_order() got an unexpected keyword argument 'quantity'
2026-02-10 00:44:04,728 - ERROR - 套利入场失败，取消所有订单
2026-02-10 00:44:09,965 - INFO - 使用Bybit符号 XAUT/USDT 获取价格成功
2026-02-10 00:44:09,965 - INFO - 点差计算: 币安=5077.00, Bybit=5059.55, 点差=17.45 (0.3449%)
2026-02-10 00:44:09,966 - INFO - 点差满足条件，准备入场
2026-02-10 00:44:09,966 - ERROR - 币安下单失败: create_order() got an unexpected keyword argument 'quantity'
2026-02-10 00:44:09,966 - ERROR - Bybit下单失败: create_order() got an unexpected keyword argument 'quantity'
2026-02-10 00:44:09,966 - ERROR - 套利入场失败，取消所有订单
2026-02-10 00:44:15,204 - INFO - 使用Bybit符号 XAUT/USDT 获取价格成功
2026-02-10 00:44:15,204 - INFO - 点差计算: 币安=5077.00, Bybit=5059.55, 点差=17.45 (0.3449%)
2026-02-10 00:44:15,204 - INFO - 点差满足条件，准备入场
2026-02-10 00:44:15,205 - ERROR - 币安下单失败: create_order() got an unexpected keyword argument 'quantity'
2026-02-10 00:44:15,205 - ERROR - Bybit下单失败: create_order() got an unexpected keyword argument 'quantity'
2026-02-10 00:44:15,205 - ERROR - 套利入场失败，取消所有订单
2026-02-10 00:44:20,457 - INFO - 使用Bybit符号 XAUT/USDT 获取价格成功
2026-02-10 00:44:20,457 - INFO - 点差计算: 币安=5076.26, Bybit=5059.95, 点差=16.31 (0.3223%)
2026-02-10 00:44:20,457 - INFO - 点差满足条件，准备入场
2026-02-10 00:44:20,458 - ERROR - 币安下单失败: create_order() got an unexpected keyword argument 'quantity'
2026-02-10 00:44:20,458 - ERROR - Bybit下单失败: create_order() got an unexpected keyword argument 'quantity'
2026-02-10 00:44:20,458 - ERROR - 套利入场失败，取消所有订单
2026-02-10 00:44:33,360 - INFO - 币安连接成功
2026-02-10 00:44:37,346 - INFO - Bybit连接成功
2026-02-10 00:44:37,347 - INFO - Hustle XAU点差对冲搬砖系统启动
2026-02-10 00:44:37,575 - INFO - 使用Bybit符号 XAUT/USDT 获取价格成功
2026-02-10 00:44:37,575 - INFO - 点差计算: 币安=5077.23, Bybit=5060.55, 点差=16.68 (0.3296%)
2026-02-10 00:44:37,575 - INFO - 点差满足条件，准备入场
2026-02-10 00:44:37,575 - ERROR - 币安下单失败: create_order() got an unexpected keyword argument 'timeInForce'
2026-02-10 00:44:37,576 - ERROR - Bybit下单失败: create_order() got an unexpected keyword argument 'timeInForce'
2026-02-10 00:44:37,576 - ERROR - 套利入场失败，取消所有订单
2026-02-10 00:44:42,815 - INFO - 使用Bybit符号 XAUT/USDT 获取价格成功
2026-02-10 00:44:42,816 - INFO - 点差计算: 币安=5077.49, Bybit=5060.55, 点差=16.94 (0.3347%)
2026-02-10 00:44:42,816 - INFO - 点差满足条件，准备入场
2026-02-10 00:44:42,817 - ERROR - 币安下单失败: create_order() got an unexpected keyword argument 'timeInForce'
2026-02-10 00:44:42,817 - ERROR - Bybit下单失败: create_order() got an unexpected keyword argument 'timeInForce'
2026-02-10 00:44:42,817 - ERROR - 套利入场失败，取消所有订单
2026-02-10 00:44:48,055 - INFO - 使用Bybit符号 XAUT/USDT 获取价格成功
2026-02-10 00:44:48,055 - INFO - 点差计算: 币安=5077.36, Bybit=5060.55, 点差=16.81 (0.3322%)
2026-02-10 00:44:48,055 - INFO - 点差满足条件，准备入场
2026-02-10 00:44:48,055 - ERROR - 币安下单失败: create_order() got an unexpected keyword argument 'timeInForce'
2026-02-10 00:44:48,056 - ERROR - Bybit下单失败: create_order() got an unexpected keyword argument 'timeInForce'
2026-02-10 00:44:48,056 - ERROR - 套利入场失败，取消所有订单
2026-02-10 00:44:53,287 - INFO - 使用Bybit符号 XAUT/USDT 获取价格成功
2026-02-10 00:44:53,287 - INFO - 点差计算: 币安=5076.95, Bybit=5060.55, 点差=16.40 (0.3241%)
2026-02-10 00:44:53,287 - INFO - 点差满足条件，准备入场
2026-02-10 00:44:53,288 - ERROR - 币安下单失败: create_order() got an unexpected keyword argument 'timeInForce'
2026-02-10 00:44:53,288 - ERROR - Bybit下单失败: create_order() got an unexpected keyword argument 'timeInForce'
2026-02-10 00:44:53,288 - ERROR - 套利入场失败，取消所有订单
2026-02-10 00:44:58,730 - INFO - 使用Bybit符号 XAUT/USDT 获取价格成功
2026-02-10 00:44:58,730 - INFO - 点差计算: 币安=5076.95, Bybit=5060.55, 点差=16.40 (0.3241%)
2026-02-10 00:44:58,730 - INFO - 点差满足条件，准备入场
2026-02-10 00:44:58,731 - ERROR - 币安下单失败: create_order() got an unexpected keyword argument 'timeInForce'
2026-02-10 00:44:58,731 - ERROR - Bybit下单失败: create_order() got an unexpected keyword argument 'timeInForce'
2026-02-10 00:44:58,731 - ERROR - 套利入场失败，取消所有订单
2026-02-10 00:45:03,959 - INFO - 使用Bybit符号 XAUT/USDT 获取价格成功
2026-02-10 00:45:03,960 - INFO - 点差计算: 币安=5077.52, Bybit=5059.75, 点差=17.77 (0.3512%)
2026-02-10 00:45:03,960 - INFO - 点差满足条件，准备入场
2026-02-10 00:45:03,961 - ERROR - 币安下单失败: create_order() got an unexpected keyword argument 'timeInForce'
2026-02-10 00:45:03,961 - ERROR - Bybit下单失败: create_order() got an unexpected keyword argument 'timeInForce'
2026-02-10 00:45:03,961 - ERROR - 套利入场失败，取消所有订单
2026-02-10 00:45:09,270 - INFO - 使用Bybit符号 XAUT/USDT 获取价格成功
2026-02-10 00:45:09,270 - INFO - 点差计算: 币安=5076.41, Bybit=5060.25, 点差=16.16 (0.3194%)
2026-02-10 00:45:09,271 - INFO - 点差满足条件，准备入场
2026-02-10 00:45:09,271 - ERROR - 币安下单失败: create_order() got an unexpected keyword argument 'timeInForce'
2026-02-10 00:45:09,271 - ERROR - Bybit下单失败: create_order() got an unexpected keyword argument 'timeInForce'
2026-02-10 00:45:09,271 - ERROR - 套利入场失败，取消所有订单
2026-02-10 00:45:14,501 - INFO - 使用Bybit符号 XAUT/USDT 获取价格成功
2026-02-10 00:45:14,501 - INFO - 点差计算: 币安=5076.69, Bybit=5061.65, 点差=15.04 (0.2971%)
2026-02-10 00:45:14,503 - INFO - 点差满足条件，准备入场
2026-02-10 00:45:14,503 - ERROR - 币安下单失败: create_order() got an unexpected keyword argument 'timeInForce'
2026-02-10 00:45:14,503 - ERROR - Bybit下单失败: create_order() got an unexpected keyword argument 'timeInForce'
2026-02-10 00:45:14,503 - ERROR - 套利入场失败，取消所有订单
2026-02-10 00:45:19,753 - INFO - 使用Bybit符号 XAUT/USDT 获取价格成功
2026-02-10 00:45:19,754 - INFO - 点差计算: 币安=5078.24, Bybit=5060.15, 点差=18.09 (0.3575%)
2026-02-10 00:45:19,754 - INFO - 点差满足条件，准备入场
2026-02-10 00:45:19,754 - ERROR - 币安下单失败: create_order() got an unexpected keyword argument 'timeInForce'
2026-02-10 00:45:19,754 - ERROR - Bybit下单失败: create_order() got an unexpected keyword argument 'timeInForce'
2026-02-10 00:45:19,755 - ERROR - 套利入场失败，取消所有订单
2026-02-10 00:45:39,999 - INFO - 币安连接成功
2026-02-10 00:45:42,819 - INFO - Bybit连接成功
2026-02-10 00:45:42,821 - INFO - Hustle XAU点差对冲搬砖系统启动
2026-02-10 00:45:43,022 - INFO - 使用Bybit符号 XAUT/USDT 获取价格成功
2026-02-10 00:45:43,022 - INFO - 点差计算: 币安=5077.95, Bybit=5061.35, 点差=16.60 (0.3280%)
2026-02-10 00:45:43,022 - INFO - 点差满足条件，准备入场
2026-02-10 00:45:43,140 - ERROR - 币安下单失败: binance {"code":-2015,"msg":"Invalid API-key, IP, or permissions for action"}
2026-02-10 00:45:43,530 - ERROR - Bybit下单失败: bybit {"retCode":10005,"retMsg":"Invalid API-key, IP, or permissions for action.","result":{},"retExtInfo":{},"time":1770655545501}
2026-02-10 00:45:43,530 - ERROR - 套利入场失败，取消所有订单
2026-02-10 00:45:48,743 - INFO - 使用Bybit符号 XAUT/USDT 获取价格成功
2026-02-10 00:45:48,743 - INFO - 点差计算: 币安=5078.74, Bybit=5062.55, 点差=16.19 (0.3198%)
2026-02-10 00:45:48,744 - INFO - 点差满足条件，准备入场
2026-02-10 00:45:48,853 - ERROR - 币安下单失败: binance {"code":-2015,"msg":"Invalid API-key, IP, or permissions for action"}
2026-02-10 00:45:48,950 - ERROR - Bybit下单失败: bybit {"retCode":10005,"retMsg":"Invalid API-key, IP, or permissions for action.","result":{},"retExtInfo":{},"time":1770655550919}
2026-02-10 00:45:48,950 - ERROR - 套利入场失败，取消所有订单
2026-02-10 00:45:54,220 - INFO - 使用Bybit符号 XAUT/USDT 获取价格成功
2026-02-10 00:45:54,220 - INFO - 点差计算: 币安=5079.41, Bybit=5062.95, 点差=16.46 (0.3251%)
2026-02-10 00:45:54,220 - INFO - 点差满足条件，准备入场
2026-02-10 00:45:54,331 - ERROR - 币安下单失败: binance {"code":-2015,"msg":"Invalid API-key, IP, or permissions for action"}
2026-02-10 00:45:54,432 - ERROR - Bybit下单失败: bybit {"retCode":10005,"retMsg":"Invalid API-key, IP, or permissions for action.","result":{},"retExtInfo":{},"time":1770655556403}
2026-02-10 00:45:54,432 - ERROR - 套利入场失败，取消所有订单
2026-02-10 00:45:59,634 - INFO - 使用Bybit符号 XAUT/USDT 获取价格成功
2026-02-10 00:45:59,634 - INFO - 点差计算: 币安=5079.20, Bybit=5063.15, 点差=16.05 (0.3170%)
2026-02-10 00:45:59,635 - INFO - 点差满足条件，准备入场
2026-02-10 00:45:59,744 - ERROR - 币安下单失败: binance {"code":-2015,"msg":"Invalid API-key, IP, or permissions for action"}
2026-02-10 00:45:59,846 - ERROR - Bybit下单失败: bybit {"retCode":10005,"retMsg":"Invalid API-key, IP, or permissions for action.","result":{},"retExtInfo":{},"time":1770655561817}
2026-02-10 00:45:59,846 - ERROR - 套利入场失败，取消所有订单
2026-02-10 00:46:05,056 - INFO - 使用Bybit符号 XAUT/USDT 获取价格成功
2026-02-10 00:46:05,056 - INFO - 点差计算: 币安=5078.58, Bybit=5062.05, 点差=16.53 (0.3265%)
2026-02-10 00:46:05,056 - INFO - 点差满足条件，准备入场
2026-02-10 00:46:05,163 - ERROR - 币安下单失败: binance {"code":-2015,"msg":"Invalid API-key, IP, or permissions for action"}
2026-02-10 00:46:05,256 - ERROR - Bybit下单失败: bybit {"retCode":10005,"retMsg":"Invalid API-key, IP, or permissions for action.","result":{},"retExtInfo":{},"time":1770655567227}
2026-02-10 00:46:05,256 - ERROR - 套利入场失败，取消所有订单
2026-02-10 00:56:13,095 - INFO - 币安连接成功
2026-02-10 00:56:15,711 - INFO - Bybit连接成功
2026-02-10 00:56:15,711 - INFO - Hustle XAU点差对冲搬砖系统启动
2026-02-10 00:56:15,821 - ERROR - 获取币安账户信息失败: binance {"code":-2015,"msg":"Invalid API-key, IP, or permissions for action"}
2026-02-10 00:56:16,205 - ERROR - 获取Bybit保证金率失败: 'USDT'
2026-02-10 00:56:16,402 - INFO - 使用Bybit符号 XAUT/USDT 获取价格成功
2026-02-10 00:56:16,402 - INFO - 点差计算: 币安=5072.68, Bybit=5056.75, 点差=15.93 (0.3150%)
2026-02-10 00:56:16,402 - INFO - 交易成本: 币安手续费=2.03, Bybit点差=0.50, 预估滑点=5.07, 总成本=7.60
2026-02-10 00:56:16,403 - INFO - 有效点差: 8.33
2026-02-10 00:56:16,516 - INFO - 币安资金费率: 0.000000
2026-02-10 00:56:16,516 - INFO - 有效点差满足条件，准备入场
2026-02-10 00:56:16,623 - INFO - 流动性评估: binance XAUUSDT - 买单流动性=1.91, 卖单流动性=3.88, 所需=1.00, 足够=True
2026-02-10 00:56:16,839 - ERROR - 币安下单失败: binance {"code":-2015,"msg":"Invalid API-key, IP, or permissions for action"}
2026-02-10 00:56:16,928 - INFO - 流动性评估: bybit XAUT/USDT - 买单流动性=1.43, 卖单流动性=1.23, 所需=1.00, 足够=True
2026-02-10 00:56:17,017 - ERROR - Bybit下单失败: bybit {"retCode":10005,"retMsg":"Invalid API-key, IP, or permissions for action.","result":{},"retExtInfo":{},"time":1770656178988}
2026-02-10 00:56:17,019 - ERROR - 套利入场失败，取消所有订单
2026-02-10 00:56:22,136 - ERROR - 获取币安账户信息失败: binance {"code":-2015,"msg":"Invalid API-key, IP, or permissions for action"}
2026-02-10 00:56:22,229 - ERROR - 获取Bybit保证金率失败: 'USDT'
2026-02-10 00:56:22,442 - INFO - 使用Bybit符号 XAUT/USDT 获取价格成功
2026-02-10 00:56:22,442 - INFO - 点差计算: 币安=5070.93, Bybit=5057.15, 点差=13.78 (0.2725%)
2026-02-10 00:56:22,443 - INFO - 交易成本: 币安手续费=2.03, Bybit点差=0.50, 预估滑点=5.07, 总成本=7.60
2026-02-10 00:56:22,443 - INFO - 有效点差: 6.18
2026-02-10 00:56:22,550 - INFO - 币安资金费率: 0.000000
2026-02-10 00:56:22,550 - INFO - 有效点差满足条件，准备入场
2026-02-10 00:56:22,658 - INFO - 流动性评估: binance XAUUSDT - 买单流动性=3.13, 卖单流动性=2.86, 所需=1.00, 足够=True
2026-02-10 00:56:22,865 - ERROR - 币安下单失败: binance {"code":-2015,"msg":"Invalid API-key, IP, or permissions for action"}
2026-02-10 00:56:22,866 - WARNING - 触发熔断机制，暂停交易
2026-02-10 00:56:22,957 - INFO - 流动性评估: bybit XAUT/USDT - 买单流动性=1.91, 卖单流动性=1.01, 所需=1.00, 足够=True
2026-02-10 00:56:23,056 - ERROR - Bybit下单失败: bybit {"retCode":10005,"retMsg":"Invalid API-key, IP, or permissions for action.","result":{},"retExtInfo":{},"time":1770656185024}
2026-02-10 00:56:23,057 - WARNING - 触发熔断机制，暂停交易
2026-02-10 00:56:23,057 - ERROR - 套利入场失败，取消所有订单
2026-02-10 00:56:28,063 - WARNING - 熔断机制已触发，跳过交易
2026-02-10 00:56:33,073 - WARNING - 熔断机制已触发，跳过交易
2026-02-10 00:56:38,079 - WARNING - 熔断机制已触发，跳过交易
2026-02-10 00:56:43,081 - WARNING - 熔断机制已触发，跳过交易
2026-02-10 00:56:48,090 - WARNING - 熔断机制已触发，跳过交易
2026-02-10 00:56:53,093 - WARNING - 熔断机制已触发，跳过交易
2026-02-10 00:56:58,103 - WARNING - 熔断机制已触发，跳过交易
2026-02-10 00:57:03,118 - WARNING - 熔断机制已触发，跳过交易
2026-02-10 00:57:08,118 - WARNING - 熔断机制已触发，跳过交易
2026-02-10 00:57:13,120 - WARNING - 熔断机制已触发，跳过交易
2026-02-10 00:57:18,124 - WARNING - 熔断机制已触发，跳过交易
2026-02-10 00:57:23,130 - WARNING - 熔断机制已触发，跳过交易
2026-02-10 00:57:28,130 - WARNING - 熔断机制已触发，跳过交易
2026-02-10 00:57:33,139 - WARNING - 熔断机制已触发，跳过交易
2026-02-10 00:57:38,147 - WARNING - 熔断机制已触发，跳过交易
2026-02-10 00:57:43,149 - WARNING - 熔断机制已触发，跳过交易
2026-02-10 00:57:48,161 - WARNING - 熔断机制已触发，跳过交易
2026-02-10 00:57:53,166 - WARNING - 熔断机制已触发，跳过交易
2026-02-10 00:57:58,178 - WARNING - 熔断机制已触发，跳过交易
2026-02-10 00:58:03,181 - WARNING - 熔断机制已触发，跳过交易
2026-02-10 00:58:08,188 - WARNING - 熔断机制已触发，跳过交易
2026-02-10 00:58:13,198 - WARNING - 熔断机制已触发，跳过交易
2026-02-10 00:58:18,202 - WARNING - 熔断机制已触发，跳过交易
2026-02-10 00:58:23,211 - WARNING - 熔断机制已触发，跳过交易
2026-02-10 00:58:28,212 - WARNING - 熔断机制已触发，跳过交易
2026-02-10 00:58:33,221 - WARNING - 熔断机制已触发，跳过交易
2026-02-10 00:58:38,224 - WARNING - 熔断机制已触发，跳过交易
2026-02-10 00:58:43,229 - WARNING - 熔断机制已触发，跳过交易
2026-02-10 00:58:48,230 - WARNING - 熔断机制已触发，跳过交易
